None	RSIDayBreak_30_rb1910_True_Cover:ç­–ç•¥ç±»ï¼šAbnormalVolatilityCoverStrategy not enabled
None	1_HedgeProxy_rb1910_Cover:ç­–ç•¥ç±»ï¼šAbnormalVolatilityCoverStrategy not enabled
{'datetime': {'$gte': datetime.datetime(2019, 4, 30, 0, 0)}}
è½½å…¥å®Œæˆï¼Œæ•°æ®é‡ï¼š20708
å¼€å§‹å›æµ‹
None	MultiStrategy:ç­–ç•¥å®ä¾‹ç»Ÿè®¡æ•°é‡ï¼š18
None	Z_VPIN_rb1910:Z_VPIN_rb1910ç­–ç•¥åˆå§‹åŒ–
å¼€å§‹è½½å…¥40å¤©æ•°æ®
è½½å…¥å®Œæˆï¼Œæ•°æ®é‡ï¼š9222
None	éäº¤æ˜“æ—¶é—´åŒºæ•°æ®: [91m 2019-03-21 10:15:00 [0m
None	éäº¤æ˜“æ—¶é—´åŒºæ•°æ®: [91m 2019-03-22 10:15:00 [0m
None	éäº¤æ˜“æ—¶é—´åŒºæ•°æ®: [91m 2019-03-25 10:15:00 [0m
None	éäº¤æ˜“æ—¶é—´åŒºæ•°æ®: [91m 2019-03-26 10:15:00 [0m
None	éäº¤æ˜“æ—¶é—´åŒºæ•°æ®: [91m 2019-03-27 10:15:00 [0m
None	éäº¤æ˜“æ—¶é—´åŒºæ•°æ®: [91m 2019-03-28 10:15:00 [0m
None	éäº¤æ˜“æ—¶é—´åŒºæ•°æ®: [91m 2019-03-29 10:15:00 [0m
None	éäº¤æ˜“æ—¶é—´åŒºæ•°æ®: [91m 2019-04-01 10:15:00 [0m
None	éäº¤æ˜“æ—¶é—´åŒºæ•°æ®: [91m 2019-04-02 10:15:00 [0m
None	éäº¤æ˜“æ—¶é—´åŒºæ•°æ®: [91m 2019-04-03 10:15:00 [0m
None	éäº¤æ˜“æ—¶é—´åŒºæ•°æ®: [91m 2019-04-04 10:15:00 [0m
None	éäº¤æ˜“æ—¶é—´åŒºæ•°æ®: [91m 2019-04-08 10:15:00 [0m
None	éäº¤æ˜“æ—¶é—´åŒºæ•°æ®: [91m 2019-04-09 10:15:00 [0m
None	éäº¤æ˜“æ—¶é—´åŒºæ•°æ®: [91m 2019-04-10 10:15:00 [0m
None	éäº¤æ˜“æ—¶é—´åŒºæ•°æ®: [91m 2019-04-11 10:15:00 [0m
None	éäº¤æ˜“æ—¶é—´åŒºæ•°æ®: [91m 2019-04-12 10:15:00 [0m
None	éäº¤æ˜“æ—¶é—´åŒºæ•°æ®: [91m 2019-04-15 10:15:00 [0m
None	éäº¤æ˜“æ—¶é—´åŒºæ•°æ®: [91m 2019-04-16 10:15:00 [0m
None	éäº¤æ˜“æ—¶é—´åŒºæ•°æ®: [91m 2019-04-17 10:15:00 [0m
None	éäº¤æ˜“æ—¶é—´åŒºæ•°æ®: [91m 2019-04-18 10:15:00 [0m
None	éäº¤æ˜“æ—¶é—´åŒºæ•°æ®: [91m 2019-04-19 10:15:00 [0m
None	éäº¤æ˜“æ—¶é—´åŒºæ•°æ®: [91m 2019-04-22 10:15:00 [0m
None	éäº¤æ˜“æ—¶é—´åŒºæ•°æ®: [91m 2019-04-23 10:15:00 [0m
None	éäº¤æ˜“æ—¶é—´åŒºæ•°æ®: [91m 2019-04-24 10:15:00 [0m
None	éäº¤æ˜“æ—¶é—´åŒºæ•°æ®: [91m 2019-04-25 10:15:00 [0m
None	éäº¤æ˜“æ—¶é—´åŒºæ•°æ®: [91m 2019-04-26 10:15:00 [0m
None	éäº¤æ˜“æ—¶é—´åŒºæ•°æ®: [91m 2019-04-29 10:15:00 [0m
None	Z_GARCH_rb1910_60:Z_GARCH_rb1910_60ç­–ç•¥åˆå§‹åŒ–
å¼€å§‹è½½å…¥40å¤©æ•°æ®
è½½å…¥å®Œæˆï¼Œæ•°æ®é‡ï¼š9222
None	éäº¤æ˜“æ—¶é—´åŒºæ•°æ®: [91m 2019-03-21 10:15:00 [0m
None	éäº¤æ˜“æ—¶é—´åŒºæ•°æ®: [91m 2019-03-22 10:15:00 [0m
None	éäº¤æ˜“æ—¶é—´åŒºæ•°æ®: [91m 2019-03-25 10:15:00 [0m
None	éäº¤æ˜“æ—¶é—´åŒºæ•°æ®: [91m 2019-03-26 10:15:00 [0m
None	éäº¤æ˜“æ—¶é—´åŒºæ•°æ®: [91m 2019-03-27 10:15:00 [0m
None	éäº¤æ˜“æ—¶é—´åŒºæ•°æ®: [91m 2019-03-28 10:15:00 [0m
None	éäº¤æ˜“æ—¶é—´åŒºæ•°æ®: [91m 2019-03-29 10:15:00 [0m
None	éäº¤æ˜“æ—¶é—´åŒºæ•°æ®: [91m 2019-04-01 10:15:00 [0m
None	éäº¤æ˜“æ—¶é—´åŒºæ•°æ®: [91m 2019-04-02 10:15:00 [0m
None	éäº¤æ˜“æ—¶é—´åŒºæ•°æ®: [91m 2019-04-03 10:15:00 [0m
None	éäº¤æ˜“æ—¶é—´åŒºæ•°æ®: [91m 2019-04-04 10:15:00 [0m
None	éäº¤æ˜“æ—¶é—´åŒºæ•°æ®: [91m 2019-04-08 10:15:00 [0m
None	éäº¤æ˜“æ—¶é—´åŒºæ•°æ®: [91m 2019-04-09 10:15:00 [0m
None	éäº¤æ˜“æ—¶é—´åŒºæ•°æ®: [91m 2019-04-10 10:15:00 [0m
None	éäº¤æ˜“æ—¶é—´åŒºæ•°æ®: [91m 2019-04-11 10:15:00 [0m
None	éäº¤æ˜“æ—¶é—´åŒºæ•°æ®: [91m 2019-04-12 10:15:00 [0m
None	éäº¤æ˜“æ—¶é—´åŒºæ•°æ®: [91m 2019-04-15 10:15:00 [0m
None	éäº¤æ˜“æ—¶é—´åŒºæ•°æ®: [91m 2019-04-16 10:15:00 [0m
None	éäº¤æ˜“æ—¶é—´åŒºæ•°æ®: [91m 2019-04-17 10:15:00 [0m
None	éäº¤æ˜“æ—¶é—´åŒºæ•°æ®: [91m 2019-04-18 10:15:00 [0m
None	éäº¤æ˜“æ—¶é—´åŒºæ•°æ®: [91m 2019-04-19 10:15:00 [0m
None	éäº¤æ˜“æ—¶é—´åŒºæ•°æ®: [91m 2019-04-22 10:15:00 [0m
None	éäº¤æ˜“æ—¶é—´åŒºæ•°æ®: [91m 2019-04-23 10:15:00 [0m
None	éäº¤æ˜“æ—¶é—´åŒºæ•°æ®: [91m 2019-04-24 10:15:00 [0m
None	éäº¤æ˜“æ—¶é—´åŒºæ•°æ®: [91m 2019-04-25 10:15:00 [0m
None	éäº¤æ˜“æ—¶é—´åŒºæ•°æ®: [91m 2019-04-26 10:15:00 [0m
None	éäº¤æ˜“æ—¶é—´åŒºæ•°æ®: [91m 2019-04-29 10:15:00 [0m
None	Z_GARCH_rb1910_5:Z_GARCH_rb1910_5ç­–ç•¥åˆå§‹åŒ–
å¼€å§‹è½½å…¥20å¤©æ•°æ®
è½½å…¥å®Œæˆï¼Œæ•°æ®é‡ï¼š4844
None	éäº¤æ˜“æ—¶é—´åŒºæ•°æ®: [91m 2019-04-10 10:15:00 [0m
None	éäº¤æ˜“æ—¶é—´åŒºæ•°æ®: [91m 2019-04-11 10:15:00 [0m
None	éäº¤æ˜“æ—¶é—´åŒºæ•°æ®: [91m 2019-04-12 10:15:00 [0m
None	éäº¤æ˜“æ—¶é—´åŒºæ•°æ®: [91m 2019-04-15 10:15:00 [0m
None	éäº¤æ˜“æ—¶é—´åŒºæ•°æ®: [91m 2019-04-16 10:15:00 [0m
None	éäº¤æ˜“æ—¶é—´åŒºæ•°æ®: [91m 2019-04-17 10:15:00 [0m
None	éäº¤æ˜“æ—¶é—´åŒºæ•°æ®: [91m 2019-04-18 10:15:00 [0m
None	éäº¤æ˜“æ—¶é—´åŒºæ•°æ®: [91m 2019-04-19 10:15:00 [0m
None	éäº¤æ˜“æ—¶é—´åŒºæ•°æ®: [91m 2019-04-22 10:15:00 [0m
None	éäº¤æ˜“æ—¶é—´åŒºæ•°æ®: [91m 2019-04-23 10:15:00 [0m
None	éäº¤æ˜“æ—¶é—´åŒºæ•°æ®: [91m 2019-04-24 10:15:00 [0m
None	éäº¤æ˜“æ—¶é—´åŒºæ•°æ®: [91m 2019-04-25 10:15:00 [0m
None	éäº¤æ˜“æ—¶é—´åŒºæ•°æ®: [91m 2019-04-26 10:15:00 [0m
None	éäº¤æ˜“æ—¶é—´åŒºæ•°æ®: [91m 2019-04-29 10:15:00 [0m
None	Z_EMDTrend_rb1910_6:Z_EMDTrend_rb1910_6ç­–ç•¥åˆå§‹åŒ–
å¼€å§‹è½½å…¥20å¤©æ•°æ®
è½½å…¥å®Œæˆï¼Œæ•°æ®é‡ï¼š4844
None	éäº¤æ˜“æ—¶é—´åŒºæ•°æ®: [91m 2019-04-10 10:15:00 [0m
None	éäº¤æ˜“æ—¶é—´åŒºæ•°æ®: [91m 2019-04-11 10:15:00 [0m
None	éäº¤æ˜“æ—¶é—´åŒºæ•°æ®: [91m 2019-04-12 10:15:00 [0m
None	éäº¤æ˜“æ—¶é—´åŒºæ•°æ®: [91m 2019-04-15 10:15:00 [0m
None	éäº¤æ˜“æ—¶é—´åŒºæ•°æ®: [91m 2019-04-16 10:15:00 [0m
None	éäº¤æ˜“æ—¶é—´åŒºæ•°æ®: [91m 2019-04-17 10:15:00 [0m
None	éäº¤æ˜“æ—¶é—´åŒºæ•°æ®: [91m 2019-04-18 10:15:00 [0m
None	éäº¤æ˜“æ—¶é—´åŒºæ•°æ®: [91m 2019-04-19 10:15:00 [0m
None	éäº¤æ˜“æ—¶é—´åŒºæ•°æ®: [91m 2019-04-22 10:15:00 [0m
None	éäº¤æ˜“æ—¶é—´åŒºæ•°æ®: [91m 2019-04-23 10:15:00 [0m
None	éäº¤æ˜“æ—¶é—´åŒºæ•°æ®: [91m 2019-04-24 10:15:00 [0m
None	éäº¤æ˜“æ—¶é—´åŒºæ•°æ®: [91m 2019-04-25 10:15:00 [0m
None	éäº¤æ˜“æ—¶é—´åŒºæ•°æ®: [91m 2019-04-26 10:15:00 [0m
None	éäº¤æ˜“æ—¶é—´åŒºæ•°æ®: [91m 2019-04-29 10:15:00 [0m
None	Z_EMDTrend_rb1910_5:Z_EMDTrend_rb1910_5ç­–ç•¥åˆå§‹åŒ–
å¼€å§‹è½½å…¥20å¤©æ•°æ®
è½½å…¥å®Œæˆï¼Œæ•°æ®é‡ï¼š4844
None	éäº¤æ˜“æ—¶é—´åŒºæ•°æ®: [91m 2019-04-10 10:15:00 [0m
None	éäº¤æ˜“æ—¶é—´åŒºæ•°æ®: [91m 2019-04-11 10:15:00 [0m
None	éäº¤æ˜“æ—¶é—´åŒºæ•°æ®: [91m 2019-04-12 10:15:00 [0m
None	éäº¤æ˜“æ—¶é—´åŒºæ•°æ®: [91m 2019-04-15 10:15:00 [0m
None	éäº¤æ˜“æ—¶é—´åŒºæ•°æ®: [91m 2019-04-16 10:15:00 [0m
None	éäº¤æ˜“æ—¶é—´åŒºæ•°æ®: [91m 2019-04-17 10:15:00 [0m
None	éäº¤æ˜“æ—¶é—´åŒºæ•°æ®: [91m 2019-04-18 10:15:00 [0m
None	éäº¤æ˜“æ—¶é—´åŒºæ•°æ®: [91m 2019-04-19 10:15:00 [0m
None	éäº¤æ˜“æ—¶é—´åŒºæ•°æ®: [91m 2019-04-22 10:15:00 [0m
None	éäº¤æ˜“æ—¶é—´åŒºæ•°æ®: [91m 2019-04-23 10:15:00 [0m
None	éäº¤æ˜“æ—¶é—´åŒºæ•°æ®: [91m 2019-04-24 10:15:00 [0m
None	éäº¤æ˜“æ—¶é—´åŒºæ•°æ®: [91m 2019-04-25 10:15:00 [0m
None	éäº¤æ˜“æ—¶é—´åŒºæ•°æ®: [91m 2019-04-26 10:15:00 [0m
None	éäº¤æ˜“æ—¶é—´åŒºæ•°æ®: [91m 2019-04-29 10:15:00 [0m
None	Z_EMDTrend_rb1910_3:Z_EMDTrend_rb1910_3ç­–ç•¥åˆå§‹åŒ–
å¼€å§‹è½½å…¥20å¤©æ•°æ®
è½½å…¥å®Œæˆï¼Œæ•°æ®é‡ï¼š4844
None	éäº¤æ˜“æ—¶é—´åŒºæ•°æ®: [91m 2019-04-10 10:15:00 [0m
None	éäº¤æ˜“æ—¶é—´åŒºæ•°æ®: [91m 2019-04-11 10:15:00 [0m
None	éäº¤æ˜“æ—¶é—´åŒºæ•°æ®: [91m 2019-04-12 10:15:00 [0m
None	éäº¤æ˜“æ—¶é—´åŒºæ•°æ®: [91m 2019-04-15 10:15:00 [0m
None	éäº¤æ˜“æ—¶é—´åŒºæ•°æ®: [91m 2019-04-16 10:15:00 [0m
None	éäº¤æ˜“æ—¶é—´åŒºæ•°æ®: [91m 2019-04-17 10:15:00 [0m
None	éäº¤æ˜“æ—¶é—´åŒºæ•°æ®: [91m 2019-04-18 10:15:00 [0m
None	éäº¤æ˜“æ—¶é—´åŒºæ•°æ®: [91m 2019-04-19 10:15:00 [0m
None	éäº¤æ˜“æ—¶é—´åŒºæ•°æ®: [91m 2019-04-22 10:15:00 [0m
None	éäº¤æ˜“æ—¶é—´åŒºæ•°æ®: [91m 2019-04-23 10:15:00 [0m
None	éäº¤æ˜“æ—¶é—´åŒºæ•°æ®: [91m 2019-04-24 10:15:00 [0m
None	éäº¤æ˜“æ—¶é—´åŒºæ•°æ®: [91m 2019-04-25 10:15:00 [0m
None	éäº¤æ˜“æ—¶é—´åŒºæ•°æ®: [91m 2019-04-26 10:15:00 [0m
None	éäº¤æ˜“æ—¶é—´åŒºæ•°æ®: [91m 2019-04-29 10:15:00 [0m
None	Z_EMDTrend_rb1910_15:Z_EMDTrend_rb1910_15ç­–ç•¥åˆå§‹åŒ–
å¼€å§‹è½½å…¥20å¤©æ•°æ®
è½½å…¥å®Œæˆï¼Œæ•°æ®é‡ï¼š4844
None	éäº¤æ˜“æ—¶é—´åŒºæ•°æ®: [91m 2019-04-10 10:15:00 [0m
None	éäº¤æ˜“æ—¶é—´åŒºæ•°æ®: [91m 2019-04-11 10:15:00 [0m
None	éäº¤æ˜“æ—¶é—´åŒºæ•°æ®: [91m 2019-04-12 10:15:00 [0m
None	éäº¤æ˜“æ—¶é—´åŒºæ•°æ®: [91m 2019-04-15 10:15:00 [0m
None	éäº¤æ˜“æ—¶é—´åŒºæ•°æ®: [91m 2019-04-16 10:15:00 [0m
None	éäº¤æ˜“æ—¶é—´åŒºæ•°æ®: [91m 2019-04-17 10:15:00 [0m
None	éäº¤æ˜“æ—¶é—´åŒºæ•°æ®: [91m 2019-04-18 10:15:00 [0m
None	éäº¤æ˜“æ—¶é—´åŒºæ•°æ®: [91m 2019-04-19 10:15:00 [0m
None	éäº¤æ˜“æ—¶é—´åŒºæ•°æ®: [91m 2019-04-22 10:15:00 [0m
None	éäº¤æ˜“æ—¶é—´åŒºæ•°æ®: [91m 2019-04-23 10:15:00 [0m
None	éäº¤æ˜“æ—¶é—´åŒºæ•°æ®: [91m 2019-04-24 10:15:00 [0m
None	éäº¤æ˜“æ—¶é—´åŒºæ•°æ®: [91m 2019-04-25 10:15:00 [0m
None	éäº¤æ˜“æ—¶é—´åŒºæ•°æ®: [91m 2019-04-26 10:15:00 [0m
None	éäº¤æ˜“æ—¶é—´åŒºæ•°æ®: [91m 2019-04-29 10:15:00 [0m
None	Z_EMDTrend_rb1910_12:Z_EMDTrend_rb1910_12ç­–ç•¥åˆå§‹åŒ–
å¼€å§‹è½½å…¥20å¤©æ•°æ®
è½½å…¥å®Œæˆï¼Œæ•°æ®é‡ï¼š4844
None	éäº¤æ˜“æ—¶é—´åŒºæ•°æ®: [91m 2019-04-10 10:15:00 [0m
None	éäº¤æ˜“æ—¶é—´åŒºæ•°æ®: [91m 2019-04-11 10:15:00 [0m
None	éäº¤æ˜“æ—¶é—´åŒºæ•°æ®: [91m 2019-04-12 10:15:00 [0m
None	éäº¤æ˜“æ—¶é—´åŒºæ•°æ®: [91m 2019-04-15 10:15:00 [0m
None	éäº¤æ˜“æ—¶é—´åŒºæ•°æ®: [91m 2019-04-16 10:15:00 [0m
None	éäº¤æ˜“æ—¶é—´åŒºæ•°æ®: [91m 2019-04-17 10:15:00 [0m
None	éäº¤æ˜“æ—¶é—´åŒºæ•°æ®: [91m 2019-04-18 10:15:00 [0m
None	éäº¤æ˜“æ—¶é—´åŒºæ•°æ®: [91m 2019-04-19 10:15:00 [0m
None	éäº¤æ˜“æ—¶é—´åŒºæ•°æ®: [91m 2019-04-22 10:15:00 [0m
None	éäº¤æ˜“æ—¶é—´åŒºæ•°æ®: [91m 2019-04-23 10:15:00 [0m
None	éäº¤æ˜“æ—¶é—´åŒºæ•°æ®: [91m 2019-04-24 10:15:00 [0m
None	éäº¤æ˜“æ—¶é—´åŒºæ•°æ®: [91m 2019-04-25 10:15:00 [0m
None	éäº¤æ˜“æ—¶é—´åŒºæ•°æ®: [91m 2019-04-26 10:15:00 [0m
None	éäº¤æ˜“æ—¶é—´åŒºæ•°æ®: [91m 2019-04-29 10:15:00 [0m
None	Z_EMDTrend_rb1910_1:Z_EMDTrend_rb1910_1ç­–ç•¥åˆå§‹åŒ–
å¼€å§‹è½½å…¥20å¤©æ•°æ®
è½½å…¥å®Œæˆï¼Œæ•°æ®é‡ï¼š4844
None	éäº¤æ˜“æ—¶é—´åŒºæ•°æ®: [91m 2019-04-10 10:15:00 [0m
None	éäº¤æ˜“æ—¶é—´åŒºæ•°æ®: [91m 2019-04-11 10:15:00 [0m
None	éäº¤æ˜“æ—¶é—´åŒºæ•°æ®: [91m 2019-04-12 10:15:00 [0m
None	éäº¤æ˜“æ—¶é—´åŒºæ•°æ®: [91m 2019-04-15 10:15:00 [0m
None	éäº¤æ˜“æ—¶é—´åŒºæ•°æ®: [91m 2019-04-16 10:15:00 [0m
None	éäº¤æ˜“æ—¶é—´åŒºæ•°æ®: [91m 2019-04-17 10:15:00 [0m
None	éäº¤æ˜“æ—¶é—´åŒºæ•°æ®: [91m 2019-04-18 10:15:00 [0m
None	éäº¤æ˜“æ—¶é—´åŒºæ•°æ®: [91m 2019-04-19 10:15:00 [0m
None	éäº¤æ˜“æ—¶é—´åŒºæ•°æ®: [91m 2019-04-22 10:15:00 [0m
None	éäº¤æ˜“æ—¶é—´åŒºæ•°æ®: [91m 2019-04-23 10:15:00 [0m
None	éäº¤æ˜“æ—¶é—´åŒºæ•°æ®: [91m 2019-04-24 10:15:00 [0m
None	éäº¤æ˜“æ—¶é—´åŒºæ•°æ®: [91m 2019-04-25 10:15:00 [0m
None	éäº¤æ˜“æ—¶é—´åŒºæ•°æ®: [91m 2019-04-26 10:15:00 [0m
None	éäº¤æ˜“æ—¶é—´åŒºæ•°æ®: [91m 2019-04-29 10:15:00 [0m
None	Z_CYQ_rb1910:Z_CYQ_rb1910ç­–ç•¥åˆå§‹åŒ–
å¼€å§‹è½½å…¥20å¤©æ•°æ®
è½½å…¥å®Œæˆï¼Œæ•°æ®é‡ï¼š4844
None	éäº¤æ˜“æ—¶é—´åŒºæ•°æ®: [91m 2019-04-10 10:15:00 [0m
None	éäº¤æ˜“æ—¶é—´åŒºæ•°æ®: [91m 2019-04-11 10:15:00 [0m
None	éäº¤æ˜“æ—¶é—´åŒºæ•°æ®: [91m 2019-04-12 10:15:00 [0m
None	éäº¤æ˜“æ—¶é—´åŒºæ•°æ®: [91m 2019-04-15 10:15:00 [0m
None	éäº¤æ˜“æ—¶é—´åŒºæ•°æ®: [91m 2019-04-16 10:15:00 [0m
None	éäº¤æ˜“æ—¶é—´åŒºæ•°æ®: [91m 2019-04-17 10:15:00 [0m
None	éäº¤æ˜“æ—¶é—´åŒºæ•°æ®: [91m 2019-04-18 10:15:00 [0m
None	éäº¤æ˜“æ—¶é—´åŒºæ•°æ®: [91m 2019-04-19 10:15:00 [0m
None	éäº¤æ˜“æ—¶é—´åŒºæ•°æ®: [91m 2019-04-22 10:15:00 [0m
None	éäº¤æ˜“æ—¶é—´åŒºæ•°æ®: [91m 2019-04-23 10:15:00 [0m
None	éäº¤æ˜“æ—¶é—´åŒºæ•°æ®: [91m 2019-04-24 10:15:00 [0m
None	éäº¤æ˜“æ—¶é—´åŒºæ•°æ®: [91m 2019-04-25 10:15:00 [0m
None	éäº¤æ˜“æ—¶é—´åŒºæ•°æ®: [91m 2019-04-26 10:15:00 [0m
None	éäº¤æ˜“æ—¶é—´åŒºæ•°æ®: [91m 2019-04-29 10:15:00 [0m
None	RSIDayBreak_30_rb1910_True_Cover_TopReturnCoverBase:RSIDayBreak_30_rb1910_True_Cover_TopReturnCoverBaseç­–ç•¥åˆå§‹åŒ–
å¼€å§‹è½½å…¥20å¤©æ•°æ®
è½½å…¥å®Œæˆï¼Œæ•°æ®é‡ï¼š4844
None	éäº¤æ˜“æ—¶é—´åŒºæ•°æ®: [91m 2019-04-10 10:15:00 [0m
None	éäº¤æ˜“æ—¶é—´åŒºæ•°æ®: [91m 2019-04-11 10:15:00 [0m
None	éäº¤æ˜“æ—¶é—´åŒºæ•°æ®: [91m 2019-04-12 10:15:00 [0m
None	éäº¤æ˜“æ—¶é—´åŒºæ•°æ®: [91m 2019-04-15 10:15:00 [0m
None	éäº¤æ˜“æ—¶é—´åŒºæ•°æ®: [91m 2019-04-16 10:15:00 [0m
None	éäº¤æ˜“æ—¶é—´åŒºæ•°æ®: [91m 2019-04-17 10:15:00 [0m
None	éäº¤æ˜“æ—¶é—´åŒºæ•°æ®: [91m 2019-04-18 10:15:00 [0m
None	éäº¤æ˜“æ—¶é—´åŒºæ•°æ®: [91m 2019-04-19 10:15:00 [0m
None	éäº¤æ˜“æ—¶é—´åŒºæ•°æ®: [91m 2019-04-22 10:15:00 [0m
None	éäº¤æ˜“æ—¶é—´åŒºæ•°æ®: [91m 2019-04-23 10:15:00 [0m
None	éäº¤æ˜“æ—¶é—´åŒºæ•°æ®: [91m 2019-04-24 10:15:00 [0m
None	éäº¤æ˜“æ—¶é—´åŒºæ•°æ®: [91m 2019-04-25 10:15:00 [0m
None	éäº¤æ˜“æ—¶é—´åŒºæ•°æ®: [91m 2019-04-26 10:15:00 [0m
None	éäº¤æ˜“æ—¶é—´åŒºæ•°æ®: [91m 2019-04-29 10:15:00 [0m
None	RSIDayBreak_30_rb1910_True_Cover_TimeDecayCover:RSIDayBreak_30_rb1910_True_Cover_TimeDecayCoverç­–ç•¥åˆå§‹åŒ–
å¼€å§‹è½½å…¥20å¤©æ•°æ®
è½½å…¥å®Œæˆï¼Œæ•°æ®é‡ï¼š4844
None	éäº¤æ˜“æ—¶é—´åŒºæ•°æ®: [91m 2019-04-10 10:15:00 [0m
None	éäº¤æ˜“æ—¶é—´åŒºæ•°æ®: [91m 2019-04-11 10:15:00 [0m
None	éäº¤æ˜“æ—¶é—´åŒºæ•°æ®: [91m 2019-04-12 10:15:00 [0m
None	éäº¤æ˜“æ—¶é—´åŒºæ•°æ®: [91m 2019-04-15 10:15:00 [0m
None	éäº¤æ˜“æ—¶é—´åŒºæ•°æ®: [91m 2019-04-16 10:15:00 [0m
None	éäº¤æ˜“æ—¶é—´åŒºæ•°æ®: [91m 2019-04-17 10:15:00 [0m
None	éäº¤æ˜“æ—¶é—´åŒºæ•°æ®: [91m 2019-04-18 10:15:00 [0m
None	éäº¤æ˜“æ—¶é—´åŒºæ•°æ®: [91m 2019-04-19 10:15:00 [0m
None	éäº¤æ˜“æ—¶é—´åŒºæ•°æ®: [91m 2019-04-22 10:15:00 [0m
None	éäº¤æ˜“æ—¶é—´åŒºæ•°æ®: [91m 2019-04-23 10:15:00 [0m
None	éäº¤æ˜“æ—¶é—´åŒºæ•°æ®: [91m 2019-04-24 10:15:00 [0m
None	éäº¤æ˜“æ—¶é—´åŒºæ•°æ®: [91m 2019-04-25 10:15:00 [0m
None	éäº¤æ˜“æ—¶é—´åŒºæ•°æ®: [91m 2019-04-26 10:15:00 [0m
None	éäº¤æ˜“æ—¶é—´åŒºæ•°æ®: [91m 2019-04-29 10:15:00 [0m
None	RSIDayBreak_30_rb1910_True:RSIDayBreak_30_rb1910_Trueç­–ç•¥åˆå§‹åŒ–
å¼€å§‹è½½å…¥40å¤©æ•°æ®
è½½å…¥å®Œæˆï¼Œæ•°æ®é‡ï¼š9222
None	éäº¤æ˜“æ—¶é—´åŒºæ•°æ®: [91m 2019-03-21 10:15:00 [0m
None	éäº¤æ˜“æ—¶é—´åŒºæ•°æ®: [91m 2019-03-22 10:15:00 [0m
None	éäº¤æ˜“æ—¶é—´åŒºæ•°æ®: [91m 2019-03-25 10:15:00 [0m
None	éäº¤æ˜“æ—¶é—´åŒºæ•°æ®: [91m 2019-03-26 10:15:00 [0m
None	éäº¤æ˜“æ—¶é—´åŒºæ•°æ®: [91m 2019-03-27 10:15:00 [0m
None	éäº¤æ˜“æ—¶é—´åŒºæ•°æ®: [91m 2019-03-28 10:15:00 [0m
None	éäº¤æ˜“æ—¶é—´åŒºæ•°æ®: [91m 2019-03-29 10:15:00 [0m
None	éäº¤æ˜“æ—¶é—´åŒºæ•°æ®: [91m 2019-04-01 10:15:00 [0m
None	éäº¤æ˜“æ—¶é—´åŒºæ•°æ®: [91m 2019-04-02 10:15:00 [0m
None	éäº¤æ˜“æ—¶é—´åŒºæ•°æ®: [91m 2019-04-03 10:15:00 [0m
None	éäº¤æ˜“æ—¶é—´åŒºæ•°æ®: [91m 2019-04-04 10:15:00 [0m
None	éäº¤æ˜“æ—¶é—´åŒºæ•°æ®: [91m 2019-04-08 10:15:00 [0m
None	éäº¤æ˜“æ—¶é—´åŒºæ•°æ®: [91m 2019-04-09 10:15:00 [0m
None	éäº¤æ˜“æ—¶é—´åŒºæ•°æ®: [91m 2019-04-10 10:15:00 [0m
None	éäº¤æ˜“æ—¶é—´åŒºæ•°æ®: [91m 2019-04-11 10:15:00 [0m
None	éäº¤æ˜“æ—¶é—´åŒºæ•°æ®: [91m 2019-04-12 10:15:00 [0m
None	éäº¤æ˜“æ—¶é—´åŒºæ•°æ®: [91m 2019-04-15 10:15:00 [0m
None	éäº¤æ˜“æ—¶é—´åŒºæ•°æ®: [91m 2019-04-16 10:15:00 [0m
None	éäº¤æ˜“æ—¶é—´åŒºæ•°æ®: [91m 2019-04-17 10:15:00 [0m
None	éäº¤æ˜“æ—¶é—´åŒºæ•°æ®: [91m 2019-04-18 10:15:00 [0m
None	éäº¤æ˜“æ—¶é—´åŒºæ•°æ®: [91m 2019-04-19 10:15:00 [0m
None	éäº¤æ˜“æ—¶é—´åŒºæ•°æ®: [91m 2019-04-22 10:15:00 [0m
None	éäº¤æ˜“æ—¶é—´åŒºæ•°æ®: [91m 2019-04-23 10:15:00 [0m
None	éäº¤æ˜“æ—¶é—´åŒºæ•°æ®: [91m 2019-04-24 10:15:00 [0m
None	éäº¤æ˜“æ—¶é—´åŒºæ•°æ®: [91m 2019-04-25 10:15:00 [0m
None	éäº¤æ˜“æ—¶é—´åŒºæ•°æ®: [91m 2019-04-26 10:15:00 [0m
None	éäº¤æ˜“æ—¶é—´åŒºæ•°æ®: [91m 2019-04-29 10:15:00 [0m
None	1_HedgeProxy_rb1910_Cover_TopReturnCoverBase:1_HedgeProxy_rb1910_Cover_TopReturnCoverBaseç­–ç•¥åˆå§‹åŒ–
å¼€å§‹è½½å…¥20å¤©æ•°æ®
è½½å…¥å®Œæˆï¼Œæ•°æ®é‡ï¼š4844
None	éäº¤æ˜“æ—¶é—´åŒºæ•°æ®: [91m 2019-04-10 10:15:00 [0m
None	éäº¤æ˜“æ—¶é—´åŒºæ•°æ®: [91m 2019-04-11 10:15:00 [0m
None	éäº¤æ˜“æ—¶é—´åŒºæ•°æ®: [91m 2019-04-12 10:15:00 [0m
None	éäº¤æ˜“æ—¶é—´åŒºæ•°æ®: [91m 2019-04-15 10:15:00 [0m
None	éäº¤æ˜“æ—¶é—´åŒºæ•°æ®: [91m 2019-04-16 10:15:00 [0m
None	éäº¤æ˜“æ—¶é—´åŒºæ•°æ®: [91m 2019-04-17 10:15:00 [0m
None	éäº¤æ˜“æ—¶é—´åŒºæ•°æ®: [91m 2019-04-18 10:15:00 [0m
None	éäº¤æ˜“æ—¶é—´åŒºæ•°æ®: [91m 2019-04-19 10:15:00 [0m
None	éäº¤æ˜“æ—¶é—´åŒºæ•°æ®: [91m 2019-04-22 10:15:00 [0m
None	éäº¤æ˜“æ—¶é—´åŒºæ•°æ®: [91m 2019-04-23 10:15:00 [0m
None	éäº¤æ˜“æ—¶é—´åŒºæ•°æ®: [91m 2019-04-24 10:15:00 [0m
None	éäº¤æ˜“æ—¶é—´åŒºæ•°æ®: [91m 2019-04-25 10:15:00 [0m
None	éäº¤æ˜“æ—¶é—´åŒºæ•°æ®: [91m 2019-04-26 10:15:00 [0m
None	éäº¤æ˜“æ—¶é—´åŒºæ•°æ®: [91m 2019-04-29 10:15:00 [0m
None	1_HedgeProxy_rb1910_Cover_TimeDecayCover:1_HedgeProxy_rb1910_Cover_TimeDecayCoverç­–ç•¥åˆå§‹åŒ–
å¼€å§‹è½½å…¥20å¤©æ•°æ®
è½½å…¥å®Œæˆï¼Œæ•°æ®é‡ï¼š4844
None	éäº¤æ˜“æ—¶é—´åŒºæ•°æ®: [91m 2019-04-10 10:15:00 [0m
None	éäº¤æ˜“æ—¶é—´åŒºæ•°æ®: [91m 2019-04-11 10:15:00 [0m
None	éäº¤æ˜“æ—¶é—´åŒºæ•°æ®: [91m 2019-04-12 10:15:00 [0m
None	éäº¤æ˜“æ—¶é—´åŒºæ•°æ®: [91m 2019-04-15 10:15:00 [0m
None	éäº¤æ˜“æ—¶é—´åŒºæ•°æ®: [91m 2019-04-16 10:15:00 [0m
None	éäº¤æ˜“æ—¶é—´åŒºæ•°æ®: [91m 2019-04-17 10:15:00 [0m
None	éäº¤æ˜“æ—¶é—´åŒºæ•°æ®: [91m 2019-04-18 10:15:00 [0m
None	éäº¤æ˜“æ—¶é—´åŒºæ•°æ®: [91m 2019-04-19 10:15:00 [0m
None	éäº¤æ˜“æ—¶é—´åŒºæ•°æ®: [91m 2019-04-22 10:15:00 [0m
None	éäº¤æ˜“æ—¶é—´åŒºæ•°æ®: [91m 2019-04-23 10:15:00 [0m
None	éäº¤æ˜“æ—¶é—´åŒºæ•°æ®: [91m 2019-04-24 10:15:00 [0m
None	éäº¤æ˜“æ—¶é—´åŒºæ•°æ®: [91m 2019-04-25 10:15:00 [0m
None	éäº¤æ˜“æ—¶é—´åŒºæ•°æ®: [91m 2019-04-26 10:15:00 [0m
None	éäº¤æ˜“æ—¶é—´åŒºæ•°æ®: [91m 2019-04-29 10:15:00 [0m
None	1_HedgeProxy_rb1910_Cover_ShapeVA:1_HedgeProxy_rb1910_Cover_ShapeVAç­–ç•¥åˆå§‹åŒ–
å¼€å§‹è½½å…¥1å¤©æ•°æ®
è½½å…¥å®Œæˆï¼Œæ•°æ®é‡ï¼š346
None	éäº¤æ˜“æ—¶é—´åŒºæ•°æ®: [91m 2019-04-29 10:15:00 [0m
None	1_HedgeProxy_rb1910:1_HedgeProxy_rb1910ç­–ç•¥åˆå§‹åŒ–
å¼€å§‹è½½å…¥20å¤©æ•°æ®
è½½å…¥å®Œæˆï¼Œæ•°æ®é‡ï¼š4844
None	éäº¤æ˜“æ—¶é—´åŒºæ•°æ®: [91m 2019-04-10 10:15:00 [0m
None	éäº¤æ˜“æ—¶é—´åŒºæ•°æ®: [91m 2019-04-11 10:15:00 [0m
None	éäº¤æ˜“æ—¶é—´åŒºæ•°æ®: [91m 2019-04-12 10:15:00 [0m
None	éäº¤æ˜“æ—¶é—´åŒºæ•°æ®: [91m 2019-04-15 10:15:00 [0m
None	éäº¤æ˜“æ—¶é—´åŒºæ•°æ®: [91m 2019-04-16 10:15:00 [0m
None	éäº¤æ˜“æ—¶é—´åŒºæ•°æ®: [91m 2019-04-17 10:15:00 [0m
None	éäº¤æ˜“æ—¶é—´åŒºæ•°æ®: [91m 2019-04-18 10:15:00 [0m
None	éäº¤æ˜“æ—¶é—´åŒºæ•°æ®: [91m 2019-04-19 10:15:00 [0m
None	éäº¤æ˜“æ—¶é—´åŒºæ•°æ®: [91m 2019-04-22 10:15:00 [0m
None	éäº¤æ˜“æ—¶é—´åŒºæ•°æ®: [91m 2019-04-23 10:15:00 [0m
None	éäº¤æ˜“æ—¶é—´åŒºæ•°æ®: [91m 2019-04-24 10:15:00 [0m
None	éäº¤æ˜“æ—¶é—´åŒºæ•°æ®: [91m 2019-04-25 10:15:00 [0m
None	éäº¤æ˜“æ—¶é—´åŒºæ•°æ®: [91m 2019-04-26 10:15:00 [0m
None	éäº¤æ˜“æ—¶é—´åŒºæ•°æ®: [91m 2019-04-29 10:15:00 [0m
None	0_rb1910_ParamOptimum:0_rb1910_ParamOptimumç­–ç•¥åˆå§‹åŒ–
å¼€å§‹è½½å…¥20å¤©æ•°æ®
è½½å…¥å®Œæˆï¼Œæ•°æ®é‡ï¼š4844
None	éäº¤æ˜“æ—¶é—´åŒºæ•°æ®: [91m 2019-04-10 10:15:00 [0m
None	éäº¤æ˜“æ—¶é—´åŒºæ•°æ®: [91m 2019-04-11 10:15:00 [0m
None	éäº¤æ˜“æ—¶é—´åŒºæ•°æ®: [91m 2019-04-12 10:15:00 [0m
None	éäº¤æ˜“æ—¶é—´åŒºæ•°æ®: [91m 2019-04-15 10:15:00 [0m
None	éäº¤æ˜“æ—¶é—´åŒºæ•°æ®: [91m 2019-04-16 10:15:00 [0m
None	éäº¤æ˜“æ—¶é—´åŒºæ•°æ®: [91m 2019-04-17 10:15:00 [0m
None	éäº¤æ˜“æ—¶é—´åŒºæ•°æ®: [91m 2019-04-18 10:15:00 [0m
None	éäº¤æ˜“æ—¶é—´åŒºæ•°æ®: [91m 2019-04-19 10:15:00 [0m
None	éäº¤æ˜“æ—¶é—´åŒºæ•°æ®: [91m 2019-04-22 10:15:00 [0m
None	éäº¤æ˜“æ—¶é—´åŒºæ•°æ®: [91m 2019-04-23 10:15:00 [0m
None	éäº¤æ˜“æ—¶é—´åŒºæ•°æ®: [91m 2019-04-24 10:15:00 [0m
None	éäº¤æ˜“æ—¶é—´åŒºæ•°æ®: [91m 2019-04-25 10:15:00 [0m
None	éäº¤æ˜“æ—¶é—´åŒºæ•°æ®: [91m 2019-04-26 10:15:00 [0m
None	éäº¤æ˜“æ—¶é—´åŒºæ•°æ®: [91m 2019-04-29 10:15:00 [0m
ç­–ç•¥åˆå§‹åŒ–å®Œæˆ
None	MultiStrategy:MultiStrategyç­–ç•¥å¯åŠ¨
None	Z_VPIN_rb1910:Z_VPIN_rb1910ç­–ç•¥å¯åŠ¨
None	Z_GARCH_rb1910_60:Z_GARCH_rb1910_60ç­–ç•¥å¯åŠ¨
None	Z_GARCH_rb1910_5:Z_GARCH_rb1910_5ç­–ç•¥å¯åŠ¨
None	Z_EMDTrend_rb1910_6:Z_EMDTrend_rb1910_6ç­–ç•¥å¯åŠ¨
None	Z_EMDTrend_rb1910_5:Z_EMDTrend_rb1910_5ç­–ç•¥å¯åŠ¨
None	Z_EMDTrend_rb1910_3:Z_EMDTrend_rb1910_3ç­–ç•¥å¯åŠ¨
None	Z_EMDTrend_rb1910_15:Z_EMDTrend_rb1910_15ç­–ç•¥å¯åŠ¨
None	Z_EMDTrend_rb1910_12:Z_EMDTrend_rb1910_12ç­–ç•¥å¯åŠ¨
None	Z_EMDTrend_rb1910_1:Z_EMDTrend_rb1910_1ç­–ç•¥å¯åŠ¨
None	Z_CYQ_rb1910:Z_CYQ_rb1910ç­–ç•¥å¯åŠ¨
None	RSIDayBreak_30_rb1910_True_Cover_TopReturnCoverBase:RSIDayBreak_30_rb1910_True_Cover_TopReturnCoverBaseç­–ç•¥å¯åŠ¨
None	RSIDayBreak_30_rb1910_True_Cover_TopReturnCoverBase:ç­–ç•¥ 0_rb1910_RealityPosition æ²¡æ‰¾åˆ°
None	RSIDayBreak_30_rb1910_True_Cover_TopReturnCoverBase:ç­–ç•¥ RSIDayBreak_30_rb1910_True_Cover_TopReturnCoverBase_RealityPosition æ²¡æ‰¾åˆ°
None	RSIDayBreak_30_rb1910_True_Cover_TimeDecayCover:RSIDayBreak_30_rb1910_True_Cover_TimeDecayCoverç­–ç•¥å¯åŠ¨
None	RSIDayBreak_30_rb1910_True_Cover_TimeDecayCover:ç­–ç•¥ 0_rb1910_RealityPosition æ²¡æ‰¾åˆ°
None	RSIDayBreak_30_rb1910_True_Cover_TimeDecayCover:ç­–ç•¥ RSIDayBreak_30_rb1910_True_Cover_TimeDecayCover_RealityPosition æ²¡æ‰¾åˆ°
None	RSIDayBreak_30_rb1910_True:RSIDayBreak_30_rb1910_Trueç­–ç•¥å¯åŠ¨
None	RSIDayBreak_30_rb1910_True:ç­–ç•¥ 0_rb1910_RealityPosition æ²¡æ‰¾åˆ°
None	RSIDayBreak_30_rb1910_True:ç­–ç•¥ RSIDayBreak_30_rb1910_True_RealityPosition æ²¡æ‰¾åˆ°
None	1_HedgeProxy_rb1910_Cover_TopReturnCoverBase:1_HedgeProxy_rb1910_Cover_TopReturnCoverBaseç­–ç•¥å¯åŠ¨
None	1_HedgeProxy_rb1910_Cover_TopReturnCoverBase:ç­–ç•¥ 0_rb1910_RealityPosition æ²¡æ‰¾åˆ°
None	1_HedgeProxy_rb1910_Cover_TopReturnCoverBase:ç­–ç•¥ 1_HedgeProxy_rb1910_Cover_TopReturnCoverBase_RealityPosition æ²¡æ‰¾åˆ°
None	1_HedgeProxy_rb1910_Cover_TimeDecayCover:1_HedgeProxy_rb1910_Cover_TimeDecayCoverç­–ç•¥å¯åŠ¨
None	1_HedgeProxy_rb1910_Cover_TimeDecayCover:ç­–ç•¥ 0_rb1910_RealityPosition æ²¡æ‰¾åˆ°
None	1_HedgeProxy_rb1910_Cover_TimeDecayCover:ç­–ç•¥ 1_HedgeProxy_rb1910_Cover_TimeDecayCover_RealityPosition æ²¡æ‰¾åˆ°
None	1_HedgeProxy_rb1910_Cover_ShapeVA:1_HedgeProxy_rb1910_Cover_ShapeVAç­–ç•¥å¯åŠ¨
None	1_HedgeProxy_rb1910_Cover_ShapeVA:ç­–ç•¥ 0_rb1910_RealityPosition æ²¡æ‰¾åˆ°
None	1_HedgeProxy_rb1910_Cover_ShapeVA:ç­–ç•¥ 1_HedgeProxy_rb1910_Cover_ShapeVA_RealityPosition æ²¡æ‰¾åˆ°
None	1_HedgeProxy_rb1910:1_HedgeProxy_rb1910ç­–ç•¥å¯åŠ¨
None	0_rb1910_ParamOptimum:0_rb1910_ParamOptimumç­–ç•¥å¯åŠ¨
None	0_rb1910_ParamOptimum:ç­–ç•¥ 0_rb1910_RealityPosition æ²¡æ‰¾åˆ°
None	0_rb1910_ParamOptimum:ç­–ç•¥ 0_rb1910_ParamOptimum_RealityPosition æ²¡æ‰¾åˆ°
ç­–ç•¥å¯åŠ¨å®Œæˆ
å¼€å§‹å›æ”¾æ•°æ®
2019-04-30 09:01:00	RSIDayBreak_30_rb1910_True:0 äº¤æ˜“: {
    "gatewayName": "",
    "rawData": null,
    "symbol": "",
    "exchange": "",
    "vtSymbol": "rb1910",
    "tradeID": "1",
    "vtTradeID": "1",
    "orderID": "1",
    "vtOrderID": "1",
    "direction": "å¤š",
    "offset": "å¼€ä»“",
    "price": 3820.0,
    "volume": 1,
    "tradeTime": "2019-04-30 09:01:00",
    "dt": "2019-04-30T09:01:00",
    "name": "RSIDayBreak_30_rb1910_True"
}
2019-04-30 09:01:00	RSIDayBreak_30_rb1910_True:0 äº¤æ˜“: æ»‘ç‚¹ 0
2019-04-30 10:14:00	éäº¤æ˜“æ—¶é—´åŒºæ•°æ®: [91m 2019-04-30 10:15:00 [0m
2019-05-06 09:00:00	RSIDayBreak_30_rb1910_True:0 äº¤æ˜“: PNL = 80.0000000000091  HoldTime = 224
2019-05-06 09:00:00	RSIDayBreak_30_rb1910_True:1 äº¤æ˜“: {
    "gatewayName": "",
    "rawData": null,
    "symbol": "",
    "exchange": "",
    "vtSymbol": "rb1910",
    "tradeID": "2",
    "vtTradeID": "2",
    "orderID": "2",
    "vtOrderID": "2",
    "direction": "ç©º",
    "offset": "å¹³ä»“",
    "price": 3760.0,
    "volume": 1,
    "tradeTime": "2019-05-06 09:00:00",
    "dt": "2019-05-06T09:00:00",
    "name": "RSIDayBreak_30_rb1910_True"
}
2019-05-06 09:00:00	RSIDayBreak_30_rb1910_True:1 äº¤æ˜“: æ»‘ç‚¹ -68
2019-05-06 10:14:00	éäº¤æ˜“æ—¶é—´åŒºæ•°æ®: [91m 2019-05-06 10:15:00 [0m
2019-05-06 14:01:00	RSIDayBreak_30_rb1910_True:1 äº¤æ˜“: {
    "gatewayName": "",
    "rawData": null,
    "symbol": "",
    "exchange": "",
    "vtSymbol": "rb1910",
    "tradeID": "3",
    "vtTradeID": "3",
    "orderID": "3",
    "vtOrderID": "3",
    "direction": "ç©º",
    "offset": "å¼€ä»“",
    "price": 3727.0,
    "volume": 1,
    "tradeTime": "2019-05-06 14:01:00",
    "dt": "2019-05-06T14:01:00",
    "name": "RSIDayBreak_30_rb1910_True"
}
2019-05-06 14:01:00	RSIDayBreak_30_rb1910_True:1 äº¤æ˜“: æ»‘ç‚¹ -1
2019-05-06 14:37:00	RSIDayBreak_30_rb1910_True:1 äº¤æ˜“: PNL = -300.0  HoldTime = 36
2019-05-06 14:37:00	RSIDayBreak_30_rb1910_True:2 äº¤æ˜“: {
    "gatewayName": "",
    "rawData": null,
    "symbol": "",
    "exchange": "",
    "vtSymbol": "rb1910",
    "tradeID": "4",
    "vtTradeID": "4",
    "orderID": "4",
    "vtOrderID": "4",
    "direction": "å¤š",
    "offset": "å¹³ä»“",
    "price": 3758.0,
    "volume": 1,
    "tradeTime": "2019-05-06 14:37:00",
    "dt": "2019-05-06T14:37:00",
    "name": "RSIDayBreak_30_rb1910_True"
}
2019-05-06 14:37:00	RSIDayBreak_30_rb1910_True:2 äº¤æ˜“: æ»‘ç‚¹ 1
2019-05-07 09:31:00	RSIDayBreak_30_rb1910_True:2 äº¤æ˜“: {
    "gatewayName": "",
    "rawData": null,
    "symbol": "",
    "exchange": "",
    "vtSymbol": "rb1910",
    "tradeID": "5",
    "vtTradeID": "5",
    "orderID": "5",
    "vtOrderID": "5",
    "direction": "å¤š",
    "offset": "å¼€ä»“",
    "price": 3799.000000000001,
    "volume": 1,
    "tradeTime": "2019-05-07 09:31:00",
    "dt": "2019-05-07T09:31:00",
    "name": "RSIDayBreak_30_rb1910_True"
}
2019-05-07 09:31:00	RSIDayBreak_30_rb1910_True:2 äº¤æ˜“: æ»‘ç‚¹ 1
2019-05-07 10:14:00	éäº¤æ˜“æ—¶é—´åŒºæ•°æ®: [91m 2019-05-07 10:15:00 [0m
2019-05-07 14:46:00	RSIDayBreak_30_rb1910_True:2 äº¤æ˜“: PNL = -50.000000000009095  HoldTime = 180
2019-05-07 14:46:00	RSIDayBreak_30_rb1910_True:3 äº¤æ˜“: {
    "gatewayName": "",
    "rawData": null,
    "symbol": "",
    "exchange": "",
    "vtSymbol": "rb1910",
    "tradeID": "6",
    "vtTradeID": "6",
    "orderID": "6",
    "vtOrderID": "6",
    "direction": "ç©º",
    "offset": "å¹³ä»“",
    "price": 3787.0,
    "volume": 1,
    "tradeTime": "2019-05-07 14:46:00",
    "dt": "2019-05-07T14:46:00",
    "name": "RSIDayBreak_30_rb1910_True"
}
2019-05-07 14:46:00	RSIDayBreak_30_rb1910_True:3 äº¤æ˜“: æ»‘ç‚¹ -7
2019-05-08 10:14:00	éäº¤æ˜“æ—¶é—´åŒºæ•°æ®: [91m 2019-05-08 10:15:00 [0m
2019-05-08 14:31:00	RSIDayBreak_30_rb1910_True:3 äº¤æ˜“: {
    "gatewayName": "",
    "rawData": null,
    "symbol": "",
    "exchange": "",
    "vtSymbol": "rb1910",
    "tradeID": "7",
    "vtTradeID": "7",
    "orderID": "7",
    "vtOrderID": "7",
    "direction": "ç©º",
    "offset": "å¼€ä»“",
    "price": 3729.0,
    "volume": 1,
    "tradeTime": "2019-05-08 14:31:00",
    "dt": "2019-05-08T14:31:00",
    "name": "RSIDayBreak_30_rb1910_True"
}
2019-05-08 14:31:00	RSIDayBreak_30_rb1910_True:3 äº¤æ˜“: æ»‘ç‚¹ 0
2019-05-09 09:13:00	RSIDayBreak_30_rb1910_True:3 äº¤æ˜“: PNL = -10.0  HoldTime = 162
2019-05-09 09:13:00	RSIDayBreak_30_rb1910_True:4 äº¤æ˜“: {
    "gatewayName": "",
    "rawData": null,
    "symbol": "",
    "exchange": "",
    "vtSymbol": "rb1910",
    "tradeID": "8",
    "vtTradeID": "8",
    "orderID": "8",
    "vtOrderID": "8",
    "direction": "å¤š",
    "offset": "å¹³ä»“",
    "price": 3736.0,
    "volume": 1,
    "tradeTime": "2019-05-09 09:13:00",
    "dt": "2019-05-09T09:13:00",
    "name": "RSIDayBreak_30_rb1910_True"
}
2019-05-09 09:13:00	RSIDayBreak_30_rb1910_True:4 äº¤æ˜“: æ»‘ç‚¹ 6
2019-05-09 10:14:00	éäº¤æ˜“æ—¶é—´åŒºæ•°æ®: [91m 2019-05-09 10:15:00 [0m
2019-05-10 10:14:00	éäº¤æ˜“æ—¶é—´åŒºæ•°æ®: [91m 2019-05-10 10:15:00 [0m
2019-05-13 09:31:00	RSIDayBreak_30_rb1910_True:4 äº¤æ˜“: {
    "gatewayName": "",
    "rawData": null,
    "symbol": "",
    "exchange": "",
    "vtSymbol": "rb1910",
    "tradeID": "9",
    "vtTradeID": "9",
    "orderID": "9",
    "vtOrderID": "9",
    "direction": "ç©º",
    "offset": "å¼€ä»“",
    "price": 3715.0000000000005,
    "volume": 1,
    "tradeTime": "2019-05-13 09:31:00",
    "dt": "2019-05-13T09:31:00",
    "name": "RSIDayBreak_30_rb1910_True"
}
2019-05-13 09:31:00	RSIDayBreak_30_rb1910_True:4 äº¤æ˜“: æ»‘ç‚¹ 0
2019-05-13 10:14:00	éäº¤æ˜“æ—¶é—´åŒºæ•°æ®: [91m 2019-05-13 10:15:00 [0m
2019-05-13 13:41:00	RSIDayBreak_30_rb1910_True:4 äº¤æ˜“: PNL = -49.99999999999545  HoldTime = 115
2019-05-13 13:41:00	RSIDayBreak_30_rb1910_True:5 äº¤æ˜“: {
    "gatewayName": "",
    "rawData": null,
    "symbol": "",
    "exchange": "",
    "vtSymbol": "rb1910",
    "tradeID": "10",
    "vtTradeID": "10",
    "orderID": "10",
    "vtOrderID": "10",
    "direction": "å¤š",
    "offset": "å¹³ä»“",
    "price": 3722.0,
    "volume": 1,
    "tradeTime": "2019-05-13 13:41:00",
    "dt": "2019-05-13T13:41:00",
    "name": "RSIDayBreak_30_rb1910_True"
}
2019-05-13 13:41:00	RSIDayBreak_30_rb1910_True:5 äº¤æ˜“: æ»‘ç‚¹ 2
2019-05-13 14:31:00	RSIDayBreak_30_rb1910_True:5 äº¤æ˜“: {
    "gatewayName": "",
    "rawData": null,
    "symbol": "",
    "exchange": "",
    "vtSymbol": "rb1910",
    "tradeID": "11",
    "vtTradeID": "11",
    "orderID": "11",
    "vtOrderID": "11",
    "direction": "ç©º",
    "offset": "å¼€ä»“",
    "price": 3707.0,
    "volume": 1,
    "tradeTime": "2019-05-13 14:31:00",
    "dt": "2019-05-13T14:31:00",
    "name": "RSIDayBreak_30_rb1910_True"
}
2019-05-13 14:31:00	RSIDayBreak_30_rb1910_True:5 äº¤æ˜“: æ»‘ç‚¹ 0
2019-05-14 10:14:00	éäº¤æ˜“æ—¶é—´åŒºæ•°æ®: [91m 2019-05-14 10:15:00 [0m
2019-05-15 09:00:00	RSIDayBreak_30_rb1910_True:5 äº¤æ˜“: PNL = 420.0  HoldTime = 494
2019-05-15 09:00:00	RSIDayBreak_30_rb1910_True:6 äº¤æ˜“: {
    "gatewayName": "",
    "rawData": null,
    "symbol": "",
    "exchange": "",
    "vtSymbol": "rb1910",
    "tradeID": "12",
    "vtTradeID": "12",
    "orderID": "12",
    "vtOrderID": "12",
    "direction": "å¤š",
    "offset": "å¹³ä»“",
    "price": 3673.0,
    "volume": 1,
    "tradeTime": "2019-05-15 09:00:00",
    "dt": "2019-05-15T09:00:00",
    "name": "RSIDayBreak_30_rb1910_True"
}
2019-05-15 09:00:00	RSIDayBreak_30_rb1910_True:6 äº¤æ˜“: æ»‘ç‚¹ 8
2019-05-15 10:14:00	éäº¤æ˜“æ—¶é—´åŒºæ•°æ®: [91m 2019-05-15 10:15:00 [0m
2019-05-15 21:01:00	RSIDayBreak_30_rb1910_True:6 äº¤æ˜“: {
    "gatewayName": "",
    "rawData": null,
    "symbol": "",
    "exchange": "",
    "vtSymbol": "rb1910",
    "tradeID": "13",
    "vtTradeID": "13",
    "orderID": "13",
    "vtOrderID": "13",
    "direction": "å¤š",
    "offset": "å¼€ä»“",
    "price": 3702.0,
    "volume": 1,
    "tradeTime": "2019-05-15 21:01:00",
    "dt": "2019-05-15T21:01:00",
    "name": "RSIDayBreak_30_rb1910_True"
}
2019-05-15 21:01:00	RSIDayBreak_30_rb1910_True:6 äº¤æ˜“: æ»‘ç‚¹ 0
2019-05-16 10:14:00	éäº¤æ˜“æ—¶é—´åŒºæ•°æ®: [91m 2019-05-16 10:15:00 [0m
2019-05-16 14:23:00	RSIDayBreak_30_rb1910_True:6 äº¤æ˜“: PNL = 240.0  HoldTime = 307
2019-05-16 14:23:00	RSIDayBreak_30_rb1910_True:7 äº¤æ˜“: {
    "gatewayName": "",
    "rawData": null,
    "symbol": "",
    "exchange": "",
    "vtSymbol": "rb1910",
    "tradeID": "14",
    "vtTradeID": "14",
    "orderID": "14",
    "vtOrderID": "14",
    "direction": "ç©º",
    "offset": "å¹³ä»“",
    "price": 3723.0,
    "volume": 1,
    "tradeTime": "2019-05-16 14:23:00",
    "dt": "2019-05-16T14:23:00",
    "name": "RSIDayBreak_30_rb1910_True"
}
2019-05-16 14:23:00	RSIDayBreak_30_rb1910_True:7 äº¤æ˜“: æ»‘ç‚¹ -3
2019-05-16 21:01:00	RSIDayBreak_30_rb1910_True:7 äº¤æ˜“: {
    "gatewayName": "",
    "rawData": null,
    "symbol": "",
    "exchange": "",
    "vtSymbol": "rb1910",
    "tradeID": "15",
    "vtTradeID": "15",
    "orderID": "15",
    "vtOrderID": "15",
    "direction": "å¤š",
    "offset": "å¼€ä»“",
    "price": 3755.0,
    "volume": 1,
    "tradeTime": "2019-05-16 21:01:00",
    "dt": "2019-05-16T21:01:00",
    "name": "RSIDayBreak_30_rb1910_True"
}
2019-05-16 21:01:00	RSIDayBreak_30_rb1910_True:7 äº¤æ˜“: æ»‘ç‚¹ 1
2019-05-17 09:19:00	RSIDayBreak_30_rb1910_True:7 äº¤æ˜“: PNL = 150.0  HoldTime = 138
2019-05-17 09:19:00	RSIDayBreak_30_rb1910_True:8 äº¤æ˜“: {
    "gatewayName": "",
    "rawData": null,
    "symbol": "",
    "exchange": "",
    "vtSymbol": "rb1910",
    "tradeID": "16",
    "vtTradeID": "16",
    "orderID": "16",
    "vtOrderID": "16",
    "direction": "ç©º",
    "offset": "å¹³ä»“",
    "price": 3767.0,
    "volume": 1,
    "tradeTime": "2019-05-17 09:19:00",
    "dt": "2019-05-17T09:19:00",
    "name": "RSIDayBreak_30_rb1910_True"
}
2019-05-17 09:19:00	RSIDayBreak_30_rb1910_True:8 äº¤æ˜“: æ»‘ç‚¹ -3
2019-05-17 10:14:00	éäº¤æ˜“æ—¶é—´åŒºæ•°æ®: [91m 2019-05-17 10:15:00 [0m
2019-05-20 10:14:00	éäº¤æ˜“æ—¶é—´åŒºæ•°æ®: [91m 2019-05-20 10:15:00 [0m
2019-05-20 21:31:00	RSIDayBreak_30_rb1910_True:8 äº¤æ˜“: {
    "gatewayName": "",
    "rawData": null,
    "symbol": "",
    "exchange": "",
    "vtSymbol": "rb1910",
    "tradeID": "17",
    "vtTradeID": "17",
    "orderID": "17",
    "vtOrderID": "17",
    "direction": "å¤š",
    "offset": "å¼€ä»“",
    "price": 3806.000000000001,
    "volume": 1,
    "tradeTime": "2019-05-20 21:31:00",
    "dt": "2019-05-20T21:31:00",
    "name": "RSIDayBreak_30_rb1910_True"
}
2019-05-20 21:31:00	RSIDayBreak_30_rb1910_True:8 äº¤æ˜“: æ»‘ç‚¹ 0
2019-05-21 10:14:00	éäº¤æ˜“æ—¶é—´åŒºæ•°æ®: [91m 2019-05-21 10:15:00 [0m
2019-05-21 22:11:00	RSIDayBreak_30_rb1910_True:8 äº¤æ˜“: PNL = 1089.999999999991  HoldTime = 385
2019-05-21 22:11:00	RSIDayBreak_30_rb1910_True:9 äº¤æ˜“: {
    "gatewayName": "",
    "rawData": null,
    "symbol": "",
    "exchange": "",
    "vtSymbol": "rb1910",
    "tradeID": "18",
    "vtTradeID": "18",
    "orderID": "18",
    "vtOrderID": "18",
    "direction": "ç©º",
    "offset": "å¹³ä»“",
    "price": 3912.0,
    "volume": 1,
    "tradeTime": "2019-05-21 22:11:00",
    "dt": "2019-05-21T22:11:00",
    "name": "RSIDayBreak_30_rb1910_True"
}
2019-05-21 22:11:00	RSIDayBreak_30_rb1910_True:9 äº¤æ˜“: æ»‘ç‚¹ -3
2019-05-22 10:14:00	éäº¤æ˜“æ—¶é—´åŒºæ•°æ®: [91m 2019-05-22 10:15:00 [0m
2019-05-23 10:14:00	éäº¤æ˜“æ—¶é—´åŒºæ•°æ®: [91m 2019-05-23 10:15:00 [0m
2019-05-23 21:01:00	RSIDayBreak_30_rb1910_True:9 äº¤æ˜“: {
    "gatewayName": "",
    "rawData": null,
    "symbol": "",
    "exchange": "",
    "vtSymbol": "rb1910",
    "tradeID": "19",
    "vtTradeID": "19",
    "orderID": "19",
    "vtOrderID": "19",
    "direction": "ç©º",
    "offset": "å¼€ä»“",
    "price": 3865.0,
    "volume": 1,
    "tradeTime": "2019-05-23 21:01:00",
    "dt": "2019-05-23T21:01:00",
    "name": "RSIDayBreak_30_rb1910_True"
}
2019-05-23 21:01:00	RSIDayBreak_30_rb1910_True:9 äº¤æ˜“: æ»‘ç‚¹ -1
2019-05-24 09:02:00	RSIDayBreak_30_rb1910_True:9 äº¤æ˜“: PNL = 160.0  HoldTime = 121
2019-05-24 09:02:00	RSIDayBreak_30_rb1910_True:10 äº¤æ˜“: {
    "gatewayName": "",
    "rawData": null,
    "symbol": "",
    "exchange": "",
    "vtSymbol": "rb1910",
    "tradeID": "20",
    "vtTradeID": "20",
    "orderID": "20",
    "vtOrderID": "20",
    "direction": "å¤š",
    "offset": "å¹³ä»“",
    "price": 3852.0,
    "volume": 1,
    "tradeTime": "2019-05-24 09:02:00",
    "dt": "2019-05-24T09:02:00",
    "name": "RSIDayBreak_30_rb1910_True"
}
2019-05-24 09:02:00	RSIDayBreak_30_rb1910_True:10 äº¤æ˜“: æ»‘ç‚¹ 3
2019-05-24 10:14:00	éäº¤æ˜“æ—¶é—´åŒºæ•°æ®: [91m 2019-05-24 10:15:00 [0m
2019-06-05 11:18:00	RSIDayBreak_30_rb1910_True:10 äº¤æ˜“: {
    "gatewayName": "",
    "rawData": null,
    "symbol": "",
    "exchange": "",
    "vtSymbol": "rb1910",
    "tradeID": "21",
    "vtTradeID": "21",
    "orderID": "21",
    "vtOrderID": "21",
    "direction": "ç©º",
    "offset": "å¼€ä»“",
    "price": 3746.0,
    "volume": 1,
    "tradeTime": "2019-06-05 11:18:00",
    "dt": "2019-06-05T11:18:00",
    "name": "RSIDayBreak_30_rb1910_True"
}
2019-06-05 11:18:00	RSIDayBreak_30_rb1910_True:10 äº¤æ˜“: æ»‘ç‚¹ 1
2019-06-06 10:14:00	éäº¤æ˜“æ—¶é—´åŒºæ•°æ®: [91m 2019-06-06 10:15:00 [0m
2019-06-06 11:15:00	RSIDayBreak_30_rb1910_True:10 äº¤æ˜“: PNL = 510.0  HoldTime = 341
2019-06-06 11:15:00	RSIDayBreak_30_rb1910_True:11 äº¤æ˜“: {
    "gatewayName": "",
    "rawData": null,
    "symbol": "",
    "exchange": "",
    "vtSymbol": "rb1910",
    "tradeID": "22",
    "vtTradeID": "22",
    "orderID": "22",
    "vtOrderID": "22",
    "direction": "å¤š",
    "offset": "å¹³ä»“",
    "price": 3703.0,
    "volume": 1,
    "tradeTime": "2019-06-06 11:15:00",
    "dt": "2019-06-06T11:15:00",
    "name": "RSIDayBreak_30_rb1910_True"
}
2019-06-06 11:15:00	RSIDayBreak_30_rb1910_True:11 äº¤æ˜“: æ»‘ç‚¹ 8
2019-06-10 10:14:00	éäº¤æ˜“æ—¶é—´åŒºæ•°æ®: [91m 2019-06-10 10:15:00 [0m
2019-06-11 09:31:00	RSIDayBreak_30_rb1910_True:11 äº¤æ˜“: {
    "gatewayName": "",
    "rawData": null,
    "symbol": "",
    "exchange": "",
    "vtSymbol": "rb1910",
    "tradeID": "23",
    "vtTradeID": "23",
    "orderID": "23",
    "vtOrderID": "23",
    "direction": "å¤š",
    "offset": "å¼€ä»“",
    "price": 3766.0,
    "volume": 1,
    "tradeTime": "2019-06-11 09:31:00",
    "dt": "2019-06-11T09:31:00",
    "name": "RSIDayBreak_30_rb1910_True"
}
2019-06-11 09:31:00	RSIDayBreak_30_rb1910_True:11 äº¤æ˜“: æ»‘ç‚¹ 0
2019-06-11 10:14:00	éäº¤æ˜“æ—¶é—´åŒºæ•°æ®: [91m 2019-06-11 10:15:00 [0m
2019-06-11 21:41:00	RSIDayBreak_30_rb1910_True:11 äº¤æ˜“: PNL = 490.0  HoldTime = 235
2019-06-11 21:41:00	RSIDayBreak_30_rb1910_True:12 äº¤æ˜“: {
    "gatewayName": "",
    "rawData": null,
    "symbol": "",
    "exchange": "",
    "vtSymbol": "rb1910",
    "tradeID": "24",
    "vtTradeID": "24",
    "orderID": "24",
    "vtOrderID": "24",
    "direction": "ç©º",
    "offset": "å¹³ä»“",
    "price": 3810.0,
    "volume": 1,
    "tradeTime": "2019-06-11 21:41:00",
    "dt": "2019-06-11T21:41:00",
    "name": "RSIDayBreak_30_rb1910_True"
}
2019-06-11 21:41:00	RSIDayBreak_30_rb1910_True:12 äº¤æ˜“: æ»‘ç‚¹ -5
2019-06-12 10:14:00	éäº¤æ˜“æ—¶é—´åŒºæ•°æ®: [91m 2019-06-12 10:15:00 [0m
2019-06-13 10:14:00	éäº¤æ˜“æ—¶é—´åŒºæ•°æ®: [91m 2019-06-13 10:15:00 [0m
2019-06-13 14:01:00	RSIDayBreak_30_rb1910_True:12 äº¤æ˜“: {
    "gatewayName": "",
    "rawData": null,
    "symbol": "",
    "exchange": "",
    "vtSymbol": "rb1910",
    "tradeID": "25",
    "vtTradeID": "25",
    "orderID": "25",
    "vtOrderID": "25",
    "direction": "ç©º",
    "offset": "å¼€ä»“",
    "price": 3754.0,
    "volume": 1,
    "tradeTime": "2019-06-13 14:01:00",
    "dt": "2019-06-13T14:01:00",
    "name": "RSIDayBreak_30_rb1910_True"
}
2019-06-13 14:01:00	RSIDayBreak_30_rb1910_True:12 äº¤æ˜“: æ»‘ç‚¹ 1
2019-06-13 14:55:00	RSIDayBreak_30_rb1910_True:12 äº¤æ˜“: PNL = -80.0000000000091  HoldTime = 54
2019-06-13 14:55:00	RSIDayBreak_30_rb1910_True:13 äº¤æ˜“: {
    "gatewayName": "",
    "rawData": null,
    "symbol": "",
    "exchange": "",
    "vtSymbol": "rb1910",
    "tradeID": "26",
    "vtTradeID": "26",
    "orderID": "26",
    "vtOrderID": "26",
    "direction": "å¤š",
    "offset": "å¹³ä»“",
    "price": 3774.0,
    "volume": 1,
    "tradeTime": "2019-06-13 14:55:00",
    "dt": "2019-06-13T14:55:00",
    "name": "RSIDayBreak_30_rb1910_True"
}
2019-06-13 14:55:00	RSIDayBreak_30_rb1910_True:13 äº¤æ˜“: æ»‘ç‚¹ 11
2019-06-14 10:14:00	éäº¤æ˜“æ—¶é—´åŒºæ•°æ®: [91m 2019-06-14 10:15:00 [0m
2019-06-14 22:31:00	RSIDayBreak_30_rb1910_True:13 äº¤æ˜“: {
    "gatewayName": "",
    "rawData": null,
    "symbol": "",
    "exchange": "",
    "vtSymbol": "rb1910",
    "tradeID": "27",
    "vtTradeID": "27",
    "orderID": "27",
    "vtOrderID": "27",
    "direction": "ç©º",
    "offset": "å¼€ä»“",
    "price": 3740.000000000001,
    "volume": 1,
    "tradeTime": "2019-06-14 22:31:00",
    "dt": "2019-06-14T22:31:00",
    "name": "RSIDayBreak_30_rb1910_True"
}
2019-06-14 22:31:00	RSIDayBreak_30_rb1910_True:13 äº¤æ˜“: æ»‘ç‚¹ 0
2019-06-17 22:43:00	RSIDayBreak_30_rb1910_True:13 äº¤æ˜“: PNL = 340.0000000000091  HoldTime = 357
2019-06-17 22:43:00	RSIDayBreak_30_rb1910_True:14 äº¤æ˜“: {
    "gatewayName": "",
    "rawData": null,
    "symbol": "",
    "exchange": "",
    "vtSymbol": "rb1910",
    "tradeID": "28",
    "vtTradeID": "28",
    "orderID": "28",
    "vtOrderID": "28",
    "direction": "å¤š",
    "offset": "å¹³ä»“",
    "price": 3708.0,
    "volume": 1,
    "tradeTime": "2019-06-17 22:43:00",
    "dt": "2019-06-17T22:43:00",
    "name": "RSIDayBreak_30_rb1910_True"
}
2019-06-17 22:43:00	RSIDayBreak_30_rb1910_True:14 äº¤æ˜“: æ»‘ç‚¹ 2
2019-06-18 10:14:00	éäº¤æ˜“æ—¶é—´åŒºæ•°æ®: [91m 2019-06-18 10:15:00 [0m
2019-06-18 21:01:00	RSIDayBreak_30_rb1910_True:14 äº¤æ˜“: {
    "gatewayName": "",
    "rawData": null,
    "symbol": "",
    "exchange": "",
    "vtSymbol": "rb1910",
    "tradeID": "29",
    "vtTradeID": "29",
    "orderID": "29",
    "vtOrderID": "29",
    "direction": "å¤š",
    "offset": "å¼€ä»“",
    "price": 3742.000000000001,
    "volume": 1,
    "tradeTime": "2019-06-18 21:01:00",
    "dt": "2019-06-18T21:01:00",
    "name": "RSIDayBreak_30_rb1910_True"
}
2019-06-18 21:01:00	RSIDayBreak_30_rb1910_True:14 äº¤æ˜“: æ»‘ç‚¹ 0
2019-06-19 10:06:00	RSIDayBreak_30_rb1910_True:14 äº¤æ˜“: PNL = 279.9999999999909  HoldTime = 185
2019-06-19 10:06:00	RSIDayBreak_30_rb1910_True:15 äº¤æ˜“: {
    "gatewayName": "",
    "rawData": null,
    "symbol": "",
    "exchange": "",
    "vtSymbol": "rb1910",
    "tradeID": "30",
    "vtTradeID": "30",
    "orderID": "30",
    "vtOrderID": "30",
    "direction": "ç©º",
    "offset": "å¹³ä»“",
    "price": 3765.0,
    "volume": 1,
    "tradeTime": "2019-06-19 10:06:00",
    "dt": "2019-06-19T10:06:00",
    "name": "RSIDayBreak_30_rb1910_True"
}
2019-06-19 10:06:00	RSIDayBreak_30_rb1910_True:15 äº¤æ˜“: æ»‘ç‚¹ -5
2019-06-19 10:14:00	éäº¤æ˜“æ—¶é—´åŒºæ•°æ®: [91m 2019-06-19 10:15:00 [0m
2019-06-19 22:01:00	RSIDayBreak_30_rb1910_True:15 äº¤æ˜“: {
    "gatewayName": "",
    "rawData": null,
    "symbol": "",
    "exchange": "",
    "vtSymbol": "rb1910",
    "tradeID": "31",
    "vtTradeID": "31",
    "orderID": "31",
    "vtOrderID": "31",
    "direction": "å¤š",
    "offset": "å¼€ä»“",
    "price": 3797.000000000001,
    "volume": 1,
    "tradeTime": "2019-06-19 22:01:00",
    "dt": "2019-06-19T22:01:00",
    "name": "RSIDayBreak_30_rb1910_True"
}
2019-06-19 22:01:00	RSIDayBreak_30_rb1910_True:15 äº¤æ˜“: æ»‘ç‚¹ 0
2019-06-20 21:12:00	RSIDayBreak_30_rb1910_True:15 äº¤æ˜“: PNL = 119.9999999999909  HoldTime = 296
2019-06-20 21:12:00	RSIDayBreak_30_rb1910_True:16 äº¤æ˜“: {
    "gatewayName": "",
    "rawData": null,
    "symbol": "",
    "exchange": "",
    "vtSymbol": "rb1910",
    "tradeID": "32",
    "vtTradeID": "32",
    "orderID": "32",
    "vtOrderID": "32",
    "direction": "ç©º",
    "offset": "å¹³ä»“",
    "price": 3808.0,
    "volume": 1,
    "tradeTime": "2019-06-20 21:12:00",
    "dt": "2019-06-20T21:12:00",
    "name": "RSIDayBreak_30_rb1910_True"
}
2019-06-20 21:12:00	RSIDayBreak_30_rb1910_True:16 äº¤æ˜“: æ»‘ç‚¹ -1
2019-06-21 10:14:00	éäº¤æ˜“æ—¶é—´åŒºæ•°æ®: [91m 2019-06-21 10:15:00 [0m
2019-06-21 21:01:00	RSIDayBreak_30_rb1910_True:16 äº¤æ˜“: {
    "gatewayName": "",
    "rawData": null,
    "symbol": "",
    "exchange": "",
    "vtSymbol": "rb1910",
    "tradeID": "33",
    "vtTradeID": "33",
    "orderID": "33",
    "vtOrderID": "33",
    "direction": "å¤š",
    "offset": "å¼€ä»“",
    "price": 3854.0,
    "volume": 1,
    "tradeTime": "2019-06-21 21:01:00",
    "dt": "2019-06-21T21:01:00",
    "name": "RSIDayBreak_30_rb1910_True"
}
2019-06-21 21:01:00	RSIDayBreak_30_rb1910_True:16 äº¤æ˜“: æ»‘ç‚¹ 0
2019-06-24 10:14:00	éäº¤æ˜“æ—¶é—´åŒºæ•°æ®: [91m 2019-06-24 10:15:00 [0m
2019-06-24 10:44:00	RSIDayBreak_30_rb1910_True:16 äº¤æ˜“: PNL = 800.0000000000091  HoldTime = 208
2019-06-24 10:44:00	RSIDayBreak_30_rb1910_True:17 äº¤æ˜“: {
    "gatewayName": "",
    "rawData": null,
    "symbol": "",
    "exchange": "",
    "vtSymbol": "rb1910",
    "tradeID": "34",
    "vtTradeID": "34",
    "orderID": "34",
    "vtOrderID": "34",
    "direction": "ç©º",
    "offset": "å¹³ä»“",
    "price": 3928.0,
    "volume": 1,
    "tradeTime": "2019-06-24 10:44:00",
    "dt": "2019-06-24T10:44:00",
    "name": "RSIDayBreak_30_rb1910_True"
}
2019-06-24 10:44:00	RSIDayBreak_30_rb1910_True:17 äº¤æ˜“: æ»‘ç‚¹ -6
2019-06-24 22:31:00	RSIDayBreak_30_rb1910_True:17 äº¤æ˜“: {
    "gatewayName": "",
    "rawData": null,
    "symbol": "",
    "exchange": "",
    "vtSymbol": "rb1910",
    "tradeID": "35",
    "vtTradeID": "35",
    "orderID": "35",
    "vtOrderID": "35",
    "direction": "å¤š",
    "offset": "å¼€ä»“",
    "price": 3978.0,
    "volume": 1,
    "tradeTime": "2019-06-24 22:31:00",
    "dt": "2019-06-24T22:31:00",
    "name": "RSIDayBreak_30_rb1910_True"
}
2019-06-24 22:31:00	RSIDayBreak_30_rb1910_True:17 äº¤æ˜“: æ»‘ç‚¹ -1
2019-06-25 09:46:00	RSIDayBreak_30_rb1910_True:17 äº¤æ˜“: PNL = -150.0  HoldTime = 75
2019-06-25 09:46:00	RSIDayBreak_30_rb1910_True:18 äº¤æ˜“: {
    "gatewayName": "",
    "rawData": null,
    "symbol": "",
    "exchange": "",
    "vtSymbol": "rb1910",
    "tradeID": "36",
    "vtTradeID": "36",
    "orderID": "36",
    "vtOrderID": "36",
    "direction": "ç©º",
    "offset": "å¹³ä»“",
    "price": 3959.0,
    "volume": 1,
    "tradeTime": "2019-06-25 09:46:00",
    "dt": "2019-06-25T09:46:00",
    "name": "RSIDayBreak_30_rb1910_True"
}
2019-06-25 09:46:00	RSIDayBreak_30_rb1910_True:18 äº¤æ˜“: æ»‘ç‚¹ -4
2019-06-25 10:14:00	éäº¤æ˜“æ—¶é—´åŒºæ•°æ®: [91m 2019-06-25 10:15:00 [0m
2019-06-25 21:01:00	RSIDayBreak_30_rb1910_True:18 äº¤æ˜“: {
    "gatewayName": "",
    "rawData": null,
    "symbol": "",
    "exchange": "",
    "vtSymbol": "rb1910",
    "tradeID": "37",
    "vtTradeID": "37",
    "orderID": "37",
    "vtOrderID": "37",
    "direction": "å¤š",
    "offset": "å¼€ä»“",
    "price": 4005.0,
    "volume": 1,
    "tradeTime": "2019-06-25 21:01:00",
    "dt": "2019-06-25T21:01:00",
    "name": "RSIDayBreak_30_rb1910_True"
}
2019-06-25 21:01:00	RSIDayBreak_30_rb1910_True:18 äº¤æ˜“: æ»‘ç‚¹ 1
2019-06-25 22:09:00	RSIDayBreak_30_rb1910_True:18 äº¤æ˜“: PNL = -239.9999999999909  HoldTime = 68
2019-06-25 22:09:00	RSIDayBreak_30_rb1910_True:19 äº¤æ˜“: {
    "gatewayName": "",
    "rawData": null,
    "symbol": "",
    "exchange": "",
    "vtSymbol": "rb1910",
    "tradeID": "38",
    "vtTradeID": "38",
    "orderID": "38",
    "vtOrderID": "38",
    "direction": "ç©º",
    "offset": "å¹³ä»“",
    "price": 3977.0,
    "volume": 1,
    "tradeTime": "2019-06-25 22:09:00",
    "dt": "2019-06-25T22:09:00",
    "name": "RSIDayBreak_30_rb1910_True"
}
2019-06-25 22:09:00	RSIDayBreak_30_rb1910_True:19 äº¤æ˜“: æ»‘ç‚¹ -4
2019-06-26 10:14:00	éäº¤æ˜“æ—¶é—´åŒºæ•°æ®: [91m 2019-06-26 10:15:00 [0m
2019-06-27 09:01:00	RSIDayBreak_30_rb1910_True:19 äº¤æ˜“: {
    "gatewayName": "",
    "rawData": null,
    "symbol": "",
    "exchange": "",
    "vtSymbol": "rb1910",
    "tradeID": "39",
    "vtTradeID": "39",
    "orderID": "39",
    "vtOrderID": "39",
    "direction": "å¤š",
    "offset": "å¼€ä»“",
    "price": 4030.0,
    "volume": 1,
    "tradeTime": "2019-06-27 09:01:00",
    "dt": "2019-06-27T09:01:00",
    "name": "RSIDayBreak_30_rb1910_True"
}
2019-06-27 09:01:00	RSIDayBreak_30_rb1910_True:19 äº¤æ˜“: æ»‘ç‚¹ 0
2019-06-27 10:14:00	éäº¤æ˜“æ—¶é—´åŒºæ•°æ®: [91m 2019-06-27 10:15:00 [0m
2019-06-27 13:30:00	RSIDayBreak_30_rb1910_True:19 äº¤æ˜“: PNL = 330.0  HoldTime = 134
2019-06-27 13:30:00	RSIDayBreak_30_rb1910_True:20 äº¤æ˜“: {
    "gatewayName": "",
    "rawData": null,
    "symbol": "",
    "exchange": "",
    "vtSymbol": "rb1910",
    "tradeID": "40",
    "vtTradeID": "40",
    "orderID": "40",
    "vtOrderID": "40",
    "direction": "ç©º",
    "offset": "å¹³ä»“",
    "price": 4061.0,
    "volume": 1,
    "tradeTime": "2019-06-27 13:30:00",
    "dt": "2019-06-27T13:30:00",
    "name": "RSIDayBreak_30_rb1910_True"
}
2019-06-27 13:30:00	RSIDayBreak_30_rb1910_True:20 äº¤æ˜“: æ»‘ç‚¹ -2
2019-06-28 10:14:00	éäº¤æ˜“æ—¶é—´åŒºæ•°æ®: [91m 2019-06-28 10:15:00 [0m
2019-07-01 09:01:00	RSIDayBreak_30_rb1910_True:20 äº¤æ˜“: {
    "gatewayName": "",
    "rawData": null,
    "symbol": "",
    "exchange": "",
    "vtSymbol": "rb1910",
    "tradeID": "41",
    "vtTradeID": "41",
    "orderID": "41",
    "vtOrderID": "41",
    "direction": "å¤š",
    "offset": "å¼€ä»“",
    "price": 4125.0,
    "volume": 1,
    "tradeTime": "2019-07-01 09:01:00",
    "dt": "2019-07-01T09:01:00",
    "name": "RSIDayBreak_30_rb1910_True"
}
2019-07-01 09:01:00	RSIDayBreak_30_rb1910_True:20 äº¤æ˜“: æ»‘ç‚¹ -1
2019-07-01 10:14:00	éäº¤æ˜“æ—¶é—´åŒºæ•°æ®: [91m 2019-07-01 10:15:00 [0m
2019-07-01 14:12:00	RSIDayBreak_30_rb1910_True:20 äº¤æ˜“: PNL = -30.0  HoldTime = 176
2019-07-01 14:12:00	RSIDayBreak_30_rb1910_True:21 äº¤æ˜“: {
    "gatewayName": "",
    "rawData": null,
    "symbol": "",
    "exchange": "",
    "vtSymbol": "rb1910",
    "tradeID": "42",
    "vtTradeID": "42",
    "orderID": "42",
    "vtOrderID": "42",
    "direction": "ç©º",
    "offset": "å¹³ä»“",
    "price": 4115.0,
    "volume": 1,
    "tradeTime": "2019-07-01 14:12:00",
    "dt": "2019-07-01T14:12:00",
    "name": "RSIDayBreak_30_rb1910_True"
}
2019-07-01 14:12:00	RSIDayBreak_30_rb1910_True:21 äº¤æ˜“: æ»‘ç‚¹ -7
2019-07-02 09:31:00	RSIDayBreak_30_rb1910_True:21 äº¤æ˜“: {
    "gatewayName": "",
    "rawData": null,
    "symbol": "",
    "exchange": "",
    "vtSymbol": "rb1910",
    "tradeID": "43",
    "vtTradeID": "43",
    "orderID": "43",
    "vtOrderID": "43",
    "direction": "ç©º",
    "offset": "å¼€ä»“",
    "price": 4040.0,
    "volume": 1,
    "tradeTime": "2019-07-02 09:31:00",
    "dt": "2019-07-02T09:31:00",
    "name": "RSIDayBreak_30_rb1910_True"
}
2019-07-02 09:31:00	RSIDayBreak_30_rb1910_True:21 äº¤æ˜“: æ»‘ç‚¹ 0
2019-07-02 10:14:00	éäº¤æ˜“æ—¶é—´åŒºæ•°æ®: [91m 2019-07-02 10:15:00 [0m
2019-07-02 14:30:00	RSIDayBreak_30_rb1910_True:21 äº¤æ˜“: PNL = -110.0  HoldTime = 164
2019-07-02 14:30:00	RSIDayBreak_30_rb1910_True:22 äº¤æ˜“: {
    "gatewayName": "",
    "rawData": null,
    "symbol": "",
    "exchange": "",
    "vtSymbol": "rb1910",
    "tradeID": "44",
    "vtTradeID": "44",
    "orderID": "44",
    "vtOrderID": "44",
    "direction": "å¤š",
    "offset": "å¹³ä»“",
    "price": 4055.0,
    "volume": 1,
    "tradeTime": "2019-07-02 14:30:00",
    "dt": "2019-07-02T14:30:00",
    "name": "RSIDayBreak_30_rb1910_True"
}
2019-07-02 14:30:00	RSIDayBreak_30_rb1910_True:22 äº¤æ˜“: æ»‘ç‚¹ 4
2019-07-03 09:01:00	RSIDayBreak_30_rb1910_True:22 äº¤æ˜“: {
    "gatewayName": "",
    "rawData": null,
    "symbol": "",
    "exchange": "",
    "vtSymbol": "rb1910",
    "tradeID": "45",
    "vtTradeID": "45",
    "orderID": "45",
    "vtOrderID": "45",
    "direction": "ç©º",
    "offset": "å¼€ä»“",
    "price": 4041.0,
    "volume": 1,
    "tradeTime": "2019-07-03 09:01:00",
    "dt": "2019-07-03T09:01:00",
    "name": "RSIDayBreak_30_rb1910_True"
}
2019-07-03 09:01:00	RSIDayBreak_30_rb1910_True:22 äº¤æ˜“: æ»‘ç‚¹ 0
2019-07-03 10:14:00	éäº¤æ˜“æ—¶é—´åŒºæ•°æ®: [91m 2019-07-03 10:15:00 [0m
2019-07-03 11:05:00	RSIDayBreak_30_rb1910_True:22 äº¤æ˜“: PNL = 60.0  HoldTime = 109
2019-07-03 11:05:00	RSIDayBreak_30_rb1910_True:23 äº¤æ˜“: {
    "gatewayName": "",
    "rawData": null,
    "symbol": "",
    "exchange": "",
    "vtSymbol": "rb1910",
    "tradeID": "46",
    "vtTradeID": "46",
    "orderID": "46",
    "vtOrderID": "46",
    "direction": "å¤š",
    "offset": "å¹³ä»“",
    "price": 4038.0,
    "volume": 1,
    "tradeTime": "2019-07-03 11:05:00",
    "dt": "2019-07-03T11:05:00",
    "name": "RSIDayBreak_30_rb1910_True"
}
2019-07-03 11:05:00	RSIDayBreak_30_rb1910_True:23 äº¤æ˜“: æ»‘ç‚¹ 3
2019-07-03 14:01:00	RSIDayBreak_30_rb1910_True:23 äº¤æ˜“: {
    "gatewayName": "",
    "rawData": null,
    "symbol": "",
    "exchange": "",
    "vtSymbol": "rb1910",
    "tradeID": "47",
    "vtTradeID": "47",
    "orderID": "47",
    "vtOrderID": "47",
    "direction": "ç©º",
    "offset": "å¼€ä»“",
    "price": 4018.0,
    "volume": 1,
    "tradeTime": "2019-07-03 14:01:00",
    "dt": "2019-07-03T14:01:00",
    "name": "RSIDayBreak_30_rb1910_True"
}
2019-07-03 14:01:00	RSIDayBreak_30_rb1910_True:23 äº¤æ˜“: æ»‘ç‚¹ 0
2019-07-03 22:38:00	RSIDayBreak_30_rb1910_True:23 äº¤æ˜“: PNL = -190.0  HoldTime = 157
2019-07-03 22:38:00	RSIDayBreak_30_rb1910_True:24 äº¤æ˜“: {
    "gatewayName": "",
    "rawData": null,
    "symbol": "",
    "exchange": "",
    "vtSymbol": "rb1910",
    "tradeID": "48",
    "vtTradeID": "48",
    "orderID": "48",
    "vtOrderID": "48",
    "direction": "å¤š",
    "offset": "å¹³ä»“",
    "price": 4039.0,
    "volume": 1,
    "tradeTime": "2019-07-03 22:38:00",
    "dt": "2019-07-03T22:38:00",
    "name": "RSIDayBreak_30_rb1910_True"
}
2019-07-03 22:38:00	RSIDayBreak_30_rb1910_True:24 äº¤æ˜“: æ»‘ç‚¹ 2
2019-07-04 10:14:00	éäº¤æ˜“æ—¶é—´åŒºæ•°æ®: [91m 2019-07-04 10:15:00 [0m
2019-07-05 10:14:00	éäº¤æ˜“æ—¶é—´åŒºæ•°æ®: [91m 2019-07-05 10:15:00 [0m
2019-07-05 14:01:00	RSIDayBreak_30_rb1910_True:24 äº¤æ˜“: {
    "gatewayName": "",
    "rawData": null,
    "symbol": "",
    "exchange": "",
    "vtSymbol": "rb1910",
    "tradeID": "49",
    "vtTradeID": "49",
    "orderID": "49",
    "vtOrderID": "49",
    "direction": "ç©º",
    "offset": "å¼€ä»“",
    "price": 3994.0,
    "volume": 1,
    "tradeTime": "2019-07-05 14:01:00",
    "dt": "2019-07-05T14:01:00",
    "name": "RSIDayBreak_30_rb1910_True"
}
2019-07-05 14:01:00	RSIDayBreak_30_rb1910_True:24 äº¤æ˜“: æ»‘ç‚¹ 0
2019-07-05 21:17:00	RSIDayBreak_30_rb1910_True:24 äº¤æ˜“: PNL = -20.0  HoldTime = 75
2019-07-05 21:17:00	RSIDayBreak_30_rb1910_True:25 äº¤æ˜“: {
    "gatewayName": "",
    "rawData": null,
    "symbol": "",
    "exchange": "",
    "vtSymbol": "rb1910",
    "tradeID": "50",
    "vtTradeID": "50",
    "orderID": "50",
    "vtOrderID": "50",
    "direction": "å¤š",
    "offset": "å¹³ä»“",
    "price": 4000.0,
    "volume": 1,
    "tradeTime": "2019-07-05 21:17:00",
    "dt": "2019-07-05T21:17:00",
    "name": "RSIDayBreak_30_rb1910_True"
}
2019-07-05 21:17:00	RSIDayBreak_30_rb1910_True:25 äº¤æ˜“: æ»‘ç‚¹ 4
2019-07-08 10:14:00	éäº¤æ˜“æ—¶é—´åŒºæ•°æ®: [91m 2019-07-08 10:15:00 [0m
2019-07-09 10:14:00	éäº¤æ˜“æ—¶é—´åŒºæ•°æ®: [91m 2019-07-09 10:15:00 [0m
2019-07-10 10:14:00	éäº¤æ˜“æ—¶é—´åŒºæ•°æ®: [91m 2019-07-10 10:15:00 [0m
2019-07-10 21:31:00	RSIDayBreak_30_rb1910_True:25 äº¤æ˜“: {
    "gatewayName": "",
    "rawData": null,
    "symbol": "",
    "exchange": "",
    "vtSymbol": "rb1910",
    "tradeID": "51",
    "vtTradeID": "51",
    "orderID": "51",
    "vtOrderID": "51",
    "direction": "ç©º",
    "offset": "å¼€ä»“",
    "price": 3983.0,
    "volume": 1,
    "tradeTime": "2019-07-10 21:31:00",
    "dt": "2019-07-10T21:31:00",
    "name": "RSIDayBreak_30_rb1910_True"
}
2019-07-10 21:31:00	RSIDayBreak_30_rb1910_True:25 äº¤æ˜“: æ»‘ç‚¹ 0
2019-07-11 09:33:00	RSIDayBreak_30_rb1910_True:25 äº¤æ˜“: PNL = -130.0  HoldTime = 122
2019-07-11 09:33:00	RSIDayBreak_30_rb1910_True:26 äº¤æ˜“: {
    "gatewayName": "",
    "rawData": null,
    "symbol": "",
    "exchange": "",
    "vtSymbol": "rb1910",
    "tradeID": "52",
    "vtTradeID": "52",
    "orderID": "52",
    "vtOrderID": "52",
    "direction": "å¤š",
    "offset": "å¹³ä»“",
    "price": 3998.0,
    "volume": 1,
    "tradeTime": "2019-07-11 09:33:00",
    "dt": "2019-07-11T09:33:00",
    "name": "RSIDayBreak_30_rb1910_True"
}
2019-07-11 09:33:00	RSIDayBreak_30_rb1910_True:26 äº¤æ˜“: æ»‘ç‚¹ 2
2019-07-11 10:14:00	éäº¤æ˜“æ—¶é—´åŒºæ•°æ®: [91m 2019-07-11 10:15:00 [0m
2019-07-12 10:14:00	éäº¤æ˜“æ—¶é—´åŒºæ•°æ®: [91m 2019-07-12 10:15:00 [0m
2019-07-12 21:01:00	RSIDayBreak_30_rb1910_True:26 äº¤æ˜“: {
    "gatewayName": "",
    "rawData": null,
    "symbol": "",
    "exchange": "",
    "vtSymbol": "rb1910",
    "tradeID": "53",
    "vtTradeID": "53",
    "orderID": "53",
    "vtOrderID": "53",
    "direction": "ç©º",
    "offset": "å¼€ä»“",
    "price": 3957.0,
    "volume": 1,
    "tradeTime": "2019-07-12 21:01:00",
    "dt": "2019-07-12T21:01:00",
    "name": "RSIDayBreak_30_rb1910_True"
}
2019-07-12 21:01:00	RSIDayBreak_30_rb1910_True:26 äº¤æ˜“: æ»‘ç‚¹ -1
2019-07-15 09:22:00	RSIDayBreak_30_rb1910_True:26 äº¤æ˜“: PNL = 100.0  HoldTime = 141
2019-07-15 09:22:00	RSIDayBreak_30_rb1910_True:27 äº¤æ˜“: {
    "gatewayName": "",
    "rawData": null,
    "symbol": "",
    "exchange": "",
    "vtSymbol": "rb1910",
    "tradeID": "54",
    "vtTradeID": "54",
    "orderID": "54",
    "vtOrderID": "54",
    "direction": "å¤š",
    "offset": "å¹³ä»“",
    "price": 3952.0,
    "volume": 1,
    "tradeTime": "2019-07-15 09:22:00",
    "dt": "2019-07-15T09:22:00",
    "name": "RSIDayBreak_30_rb1910_True"
}
2019-07-15 09:22:00	RSIDayBreak_30_rb1910_True:27 äº¤æ˜“: æ»‘ç‚¹ 5
2019-07-15 10:14:00	éäº¤æ˜“æ—¶é—´åŒºæ•°æ®: [91m 2019-07-15 10:15:00 [0m
2019-07-15 21:01:00	RSIDayBreak_30_rb1910_True:27 äº¤æ˜“: {
    "gatewayName": "",
    "rawData": null,
    "symbol": "",
    "exchange": "",
    "vtSymbol": "rb1910",
    "tradeID": "55",
    "vtTradeID": "55",
    "orderID": "55",
    "vtOrderID": "55",
    "direction": "å¤š",
    "offset": "å¼€ä»“",
    "price": 4031.0,
    "volume": 1,
    "tradeTime": "2019-07-15 21:01:00",
    "dt": "2019-07-15T21:01:00",
    "name": "RSIDayBreak_30_rb1910_True"
}
2019-07-15 21:01:00	RSIDayBreak_30_rb1910_True:27 äº¤æ˜“: æ»‘ç‚¹ 0
2019-07-16 09:44:00	RSIDayBreak_30_rb1910_True:27 äº¤æ˜“: PNL = 20.0  HoldTime = 163
2019-07-16 09:44:00	RSIDayBreak_30_rb1910_True:28 äº¤æ˜“: {
    "gatewayName": "",
    "rawData": null,
    "symbol": "",
    "exchange": "",
    "vtSymbol": "rb1910",
    "tradeID": "56",
    "vtTradeID": "56",
    "orderID": "56",
    "vtOrderID": "56",
    "direction": "ç©º",
    "offset": "å¹³ä»“",
    "price": 4031.0,
    "volume": 1,
    "tradeTime": "2019-07-16 09:44:00",
    "dt": "2019-07-16T09:44:00",
    "name": "RSIDayBreak_30_rb1910_True"
}
2019-07-16 09:44:00	RSIDayBreak_30_rb1910_True:28 äº¤æ˜“: æ»‘ç‚¹ -2
2019-07-16 10:14:00	éäº¤æ˜“æ—¶é—´åŒºæ•°æ®: [91m 2019-07-16 10:15:00 [0m
2019-07-17 10:14:00	éäº¤æ˜“æ—¶é—´åŒºæ•°æ®: [91m 2019-07-17 10:15:00 [0m
2019-07-18 10:14:00	éäº¤æ˜“æ—¶é—´åŒºæ•°æ®: [91m 2019-07-18 10:15:00 [0m
2019-07-18 13:31:00	RSIDayBreak_30_rb1910_True:28 äº¤æ˜“: {
    "gatewayName": "",
    "rawData": null,
    "symbol": "",
    "exchange": "",
    "vtSymbol": "rb1910",
    "tradeID": "57",
    "vtTradeID": "57",
    "orderID": "57",
    "vtOrderID": "57",
    "direction": "ç©º",
    "offset": "å¼€ä»“",
    "price": 4004.0,
    "volume": 1,
    "tradeTime": "2019-07-18 13:31:00",
    "dt": "2019-07-18T13:31:00",
    "name": "RSIDayBreak_30_rb1910_True"
}
2019-07-18 13:31:00	RSIDayBreak_30_rb1910_True:28 äº¤æ˜“: æ»‘ç‚¹ 0
2019-07-18 13:43:00	RSIDayBreak_30_rb1910_True:28 äº¤æ˜“: PNL = 10.0  HoldTime = 12
2019-07-18 13:43:00	RSIDayBreak_30_rb1910_True:29 äº¤æ˜“: {
    "gatewayName": "",
    "rawData": null,
    "symbol": "",
    "exchange": "",
    "vtSymbol": "rb1910",
    "tradeID": "58",
    "vtTradeID": "58",
    "orderID": "58",
    "vtOrderID": "58",
    "direction": "å¤š",
    "offset": "å¹³ä»“",
    "price": 4011.0,
    "volume": 1,
    "tradeTime": "2019-07-18 13:43:00",
    "dt": "2019-07-18T13:43:00",
    "name": "RSIDayBreak_30_rb1910_True"
}
2019-07-18 13:43:00	RSIDayBreak_30_rb1910_True:29 äº¤æ˜“: æ»‘ç‚¹ 8
2019-07-18 14:01:00	RSIDayBreak_30_rb1910_True:29 äº¤æ˜“: {
    "gatewayName": "",
    "rawData": null,
    "symbol": "",
    "exchange": "",
    "vtSymbol": "rb1910",
    "tradeID": "59",
    "vtTradeID": "59",
    "orderID": "59",
    "vtOrderID": "59",
    "direction": "ç©º",
    "offset": "å¼€ä»“",
    "price": 4001.0,
    "volume": 1,
    "tradeTime": "2019-07-18 14:01:00",
    "dt": "2019-07-18T14:01:00",
    "name": "RSIDayBreak_30_rb1910_True"
}
2019-07-18 14:01:00	RSIDayBreak_30_rb1910_True:29 äº¤æ˜“: æ»‘ç‚¹ 1
2019-07-19 09:13:00	RSIDayBreak_30_rb1910_True:29 äº¤æ˜“: PNL = 380.0  HoldTime = 192
2019-07-19 09:13:00	RSIDayBreak_30_rb1910_True:30 äº¤æ˜“: {
    "gatewayName": "",
    "rawData": null,
    "symbol": "",
    "exchange": "",
    "vtSymbol": "rb1910",
    "tradeID": "60",
    "vtTradeID": "60",
    "orderID": "60",
    "vtOrderID": "60",
    "direction": "å¤š",
    "offset": "å¹³ä»“",
    "price": 3964.0,
    "volume": 1,
    "tradeTime": "2019-07-19 09:13:00",
    "dt": "2019-07-19T09:13:00",
    "name": "RSIDayBreak_30_rb1910_True"
}
2019-07-19 09:13:00	RSIDayBreak_30_rb1910_True:30 äº¤æ˜“: æ»‘ç‚¹ 1
2019-07-19 10:14:00	éäº¤æ˜“æ—¶é—´åŒºæ•°æ®: [91m 2019-07-19 10:15:00 [0m
2019-07-19 22:01:00	RSIDayBreak_30_rb1910_True:30 äº¤æ˜“: {
    "gatewayName": "",
    "rawData": null,
    "symbol": "",
    "exchange": "",
    "vtSymbol": "rb1910",
    "tradeID": "61",
    "vtTradeID": "61",
    "orderID": "61",
    "vtOrderID": "61",
    "direction": "ç©º",
    "offset": "å¼€ä»“",
    "price": 3940.0,
    "volume": 1,
    "tradeTime": "2019-07-19 22:01:00",
    "dt": "2019-07-19T22:01:00",
    "name": "RSIDayBreak_30_rb1910_True"
}
2019-07-19 22:01:00	RSIDayBreak_30_rb1910_True:30 äº¤æ˜“: æ»‘ç‚¹ 1
2019-07-22 09:00:00	RSIDayBreak_30_rb1910_True:30 äº¤æ˜“: PNL = -10.0  HoldTime = 59
2019-07-22 09:00:00	RSIDayBreak_30_rb1910_True:31 äº¤æ˜“: {
    "gatewayName": "",
    "rawData": null,
    "symbol": "",
    "exchange": "",
    "vtSymbol": "rb1910",
    "tradeID": "62",
    "vtTradeID": "62",
    "orderID": "62",
    "vtOrderID": "62",
    "direction": "å¤š",
    "offset": "å¹³ä»“",
    "price": 3970.0,
    "volume": 1,
    "tradeTime": "2019-07-22 09:00:00",
    "dt": "2019-07-22T09:00:00",
    "name": "RSIDayBreak_30_rb1910_True"
}
2019-07-22 09:00:00	RSIDayBreak_30_rb1910_True:31 äº¤æ˜“: æ»‘ç‚¹ 29
2019-07-22 10:14:00	éäº¤æ˜“æ—¶é—´åŒºæ•°æ®: [91m 2019-07-22 10:15:00 [0m
2019-07-23 10:14:00	éäº¤æ˜“æ—¶é—´åŒºæ•°æ®: [91m 2019-07-23 10:15:00 [0m
2019-07-23 21:01:00	RSIDayBreak_30_rb1910_True:31 äº¤æ˜“: {
    "gatewayName": "",
    "rawData": null,
    "symbol": "",
    "exchange": "",
    "vtSymbol": "rb1910",
    "tradeID": "63",
    "vtTradeID": "63",
    "orderID": "63",
    "vtOrderID": "63",
    "direction": "ç©º",
    "offset": "å¼€ä»“",
    "price": 3910.0,
    "volume": 1,
    "tradeTime": "2019-07-23 21:01:00",
    "dt": "2019-07-23T21:01:00",
    "name": "RSIDayBreak_30_rb1910_True"
}
2019-07-23 21:01:00	RSIDayBreak_30_rb1910_True:31 äº¤æ˜“: æ»‘ç‚¹ 0
2019-07-24 09:08:00	RSIDayBreak_30_rb1910_True:31 äº¤æ˜“: PNL = 40.0  HoldTime = 127
2019-07-24 09:08:00	RSIDayBreak_30_rb1910_True:32 äº¤æ˜“: {
    "gatewayName": "",
    "rawData": null,
    "symbol": "",
    "exchange": "",
    "vtSymbol": "rb1910",
    "tradeID": "64",
    "vtTradeID": "64",
    "orderID": "64",
    "vtOrderID": "64",
    "direction": "å¤š",
    "offset": "å¹³ä»“",
    "price": 3908.0,
    "volume": 1,
    "tradeTime": "2019-07-24 09:08:00",
    "dt": "2019-07-24T09:08:00",
    "name": "RSIDayBreak_30_rb1910_True"
}
2019-07-24 09:08:00	RSIDayBreak_30_rb1910_True:32 äº¤æ˜“: æ»‘ç‚¹ 2
2019-07-24 10:14:00	éäº¤æ˜“æ—¶é—´åŒºæ•°æ®: [91m 2019-07-24 10:15:00 [0m
2019-07-25 10:14:00	éäº¤æ˜“æ—¶é—´åŒºæ•°æ®: [91m 2019-07-25 10:15:00 [0m
2019-07-25 13:31:00	RSIDayBreak_30_rb1910_True:32 äº¤æ˜“: {
    "gatewayName": "",
    "rawData": null,
    "symbol": "",
    "exchange": "",
    "vtSymbol": "rb1910",
    "tradeID": "65",
    "vtTradeID": "65",
    "orderID": "65",
    "vtOrderID": "65",
    "direction": "å¤š",
    "offset": "å¼€ä»“",
    "price": 3933.0,
    "volume": 1,
    "tradeTime": "2019-07-25 13:31:00",
    "dt": "2019-07-25T13:31:00",
    "name": "RSIDayBreak_30_rb1910_True"
}
2019-07-25 13:31:00	RSIDayBreak_30_rb1910_True:32 äº¤æ˜“: æ»‘ç‚¹ -1
2019-07-25 22:33:00	RSIDayBreak_30_rb1910_True:32 äº¤æ˜“: PNL = 150.0  HoldTime = 181
2019-07-25 22:33:00	RSIDayBreak_30_rb1910_True:33 äº¤æ˜“: {
    "gatewayName": "",
    "rawData": null,
    "symbol": "",
    "exchange": "",
    "vtSymbol": "rb1910",
    "tradeID": "66",
    "vtTradeID": "66",
    "orderID": "66",
    "vtOrderID": "66",
    "direction": "ç©º",
    "offset": "å¹³ä»“",
    "price": 3943.0,
    "volume": 1,
    "tradeTime": "2019-07-25 22:33:00",
    "dt": "2019-07-25T22:33:00",
    "name": "RSIDayBreak_30_rb1910_True"
}
2019-07-25 22:33:00	RSIDayBreak_30_rb1910_True:33 äº¤æ˜“: æ»‘ç‚¹ -5
2019-07-26 10:14:00	éäº¤æ˜“æ—¶é—´åŒºæ•°æ®: [91m 2019-07-26 10:15:00 [0m
2019-07-29 09:31:00	RSIDayBreak_30_rb1910_True:33 äº¤æ˜“: {
    "gatewayName": "",
    "rawData": null,
    "symbol": "",
    "exchange": "",
    "vtSymbol": "rb1910",
    "tradeID": "67",
    "vtTradeID": "67",
    "orderID": "67",
    "vtOrderID": "67",
    "direction": "ç©º",
    "offset": "å¼€ä»“",
    "price": 3903.000000000001,
    "volume": 1,
    "tradeTime": "2019-07-29 09:31:00",
    "dt": "2019-07-29T09:31:00",
    "name": "RSIDayBreak_30_rb1910_True"
}
2019-07-29 09:31:00	RSIDayBreak_30_rb1910_True:33 äº¤æ˜“: æ»‘ç‚¹ 0
2019-07-29 10:14:00	éäº¤æ˜“æ—¶é—´åŒºæ•°æ®: [91m 2019-07-29 10:15:00 [0m
2019-07-29 22:46:00	RSIDayBreak_30_rb1910_True:33 äº¤æ˜“: PNL = 120.0000000000091  HoldTime = 299
2019-07-29 22:46:00	RSIDayBreak_30_rb1910_True:34 äº¤æ˜“: {
    "gatewayName": "",
    "rawData": null,
    "symbol": "",
    "exchange": "",
    "vtSymbol": "rb1910",
    "tradeID": "68",
    "vtTradeID": "68",
    "orderID": "68",
    "vtOrderID": "68",
    "direction": "å¤š",
    "offset": "å¹³ä»“",
    "price": 3893.0,
    "volume": 1,
    "tradeTime": "2019-07-29 22:46:00",
    "dt": "2019-07-29T22:46:00",
    "name": "RSIDayBreak_30_rb1910_True"
}
2019-07-29 22:46:00	RSIDayBreak_30_rb1910_True:34 äº¤æ˜“: æ»‘ç‚¹ 2
2019-07-30 10:14:00	éäº¤æ˜“æ—¶é—´åŒºæ•°æ®: [91m 2019-07-30 10:15:00 [0m
2019-07-31 10:14:00	éäº¤æ˜“æ—¶é—´åŒºæ•°æ®: [91m 2019-07-31 10:15:00 [0m
2019-08-01 10:14:00	éäº¤æ˜“æ—¶é—´åŒºæ•°æ®: [91m 2019-08-01 10:15:00 [0m
2019-08-01 10:46:00	RSIDayBreak_30_rb1910_True:34 äº¤æ˜“: {
    "gatewayName": "",
    "rawData": null,
    "symbol": "",
    "exchange": "",
    "vtSymbol": "rb1910",
    "tradeID": "69",
    "vtTradeID": "69",
    "orderID": "69",
    "vtOrderID": "69",
    "direction": "ç©º",
    "offset": "å¼€ä»“",
    "price": 3876.0,
    "volume": 1,
    "tradeTime": "2019-08-01 10:46:00",
    "dt": "2019-08-01T10:46:00",
    "name": "RSIDayBreak_30_rb1910_True"
}
2019-08-01 10:46:00	RSIDayBreak_30_rb1910_True:34 äº¤æ˜“: æ»‘ç‚¹ -1
2019-08-02 09:04:00	RSIDayBreak_30_rb1910_True:34 äº¤æ˜“: PNL = 1310.0  HoldTime = 257
2019-08-02 09:04:00	RSIDayBreak_30_rb1910_True:35 äº¤æ˜“: {
    "gatewayName": "",
    "rawData": null,
    "symbol": "",
    "exchange": "",
    "vtSymbol": "rb1910",
    "tradeID": "70",
    "vtTradeID": "70",
    "orderID": "70",
    "vtOrderID": "70",
    "direction": "å¤š",
    "offset": "å¹³ä»“",
    "price": 3758.0,
    "volume": 1,
    "tradeTime": "2019-08-02 09:04:00",
    "dt": "2019-08-02T09:04:00",
    "name": "RSIDayBreak_30_rb1910_True"
}
2019-08-02 09:04:00	RSIDayBreak_30_rb1910_True:35 äº¤æ˜“: æ»‘ç‚¹ 13
2019-08-02 10:14:00	éäº¤æ˜“æ—¶é—´åŒºæ•°æ®: [91m 2019-08-02 10:15:00 [0m
2019-08-05 10:14:00	éäº¤æ˜“æ—¶é—´åŒºæ•°æ®: [91m 2019-08-05 10:15:00 [0m
2019-08-06 10:14:00	éäº¤æ˜“æ—¶é—´åŒºæ•°æ®: [91m 2019-08-06 10:15:00 [0m
2019-08-06 14:01:00	RSIDayBreak_30_rb1910_True:35 äº¤æ˜“: {
    "gatewayName": "",
    "rawData": null,
    "symbol": "",
    "exchange": "",
    "vtSymbol": "rb1910",
    "tradeID": "71",
    "vtTradeID": "71",
    "orderID": "71",
    "vtOrderID": "71",
    "direction": "ç©º",
    "offset": "å¼€ä»“",
    "price": 3731.0,
    "volume": 1,
    "tradeTime": "2019-08-06 14:01:00",
    "dt": "2019-08-06T14:01:00",
    "name": "RSIDayBreak_30_rb1910_True"
}
2019-08-06 14:01:00	RSIDayBreak_30_rb1910_True:35 äº¤æ˜“: æ»‘ç‚¹ -1
2019-08-07 09:01:00	RSIDayBreak_30_rb1910_True:35 äº¤æ˜“: PNL = 199.9999999999909  HoldTime = 179
2019-08-07 09:01:00	RSIDayBreak_30_rb1910_True:36 äº¤æ˜“: {
    "gatewayName": "",
    "rawData": null,
    "symbol": "",
    "exchange": "",
    "vtSymbol": "rb1910",
    "tradeID": "72",
    "vtTradeID": "72",
    "orderID": "72",
    "vtOrderID": "72",
    "direction": "å¤š",
    "offset": "å¹³ä»“",
    "price": 3712.0,
    "volume": 1,
    "tradeTime": "2019-08-07 09:01:00",
    "dt": "2019-08-07T09:01:00",
    "name": "RSIDayBreak_30_rb1910_True"
}
2019-08-07 09:01:00	RSIDayBreak_30_rb1910_True:36 äº¤æ˜“: æ»‘ç‚¹ 0
2019-08-07 10:14:00	éäº¤æ˜“æ—¶é—´åŒºæ•°æ®: [91m 2019-08-07 10:15:00 [0m
æ•°æ®å›æ”¾ç»“æŸ
        36æ¬¡äº¤æ˜“	RSIDayBreak_30_rb1910_True
--------------------------------------------------
    commission             entryDt  entryPrice              exitDt  exitPrice                        name      pnl    pnlPct  slippage  turnover  volume  holdTime
0         7.58 2019-04-30 09:01:00      3820.0 2019-05-06 09:00:00     3760.0  RSIDayBreak_30_rb1910_True  -627.58 -1.64e-01        20   75800.0       1    8639.0
1         7.49 2019-05-06 14:01:00      3727.0 2019-05-06 14:37:00     3758.0  RSIDayBreak_30_rb1910_True  -337.49 -9.06e-02        20   74850.0      -1      36.0
2         7.59 2019-05-07 09:31:00      3799.0 2019-05-07 14:46:00     3787.0  RSIDayBreak_30_rb1910_True  -147.59 -3.88e-02        20   75860.0       1     315.0
3         7.47 2019-05-08 14:31:00      3729.0 2019-05-09 09:13:00     3736.0  RSIDayBreak_30_rb1910_True   -97.47 -2.61e-02        20   74650.0      -1    1122.0
4         7.44 2019-05-13 09:31:00      3715.0 2019-05-13 13:41:00     3722.0  RSIDayBreak_30_rb1910_True   -97.44 -2.62e-02        20   74370.0      -1     250.0
5         7.38 2019-05-13 14:31:00      3707.0 2019-05-15 09:00:00     3673.0  RSIDayBreak_30_rb1910_True   312.62  8.43e-02        20   73800.0      -1    2549.0
6         7.43 2019-05-15 21:01:00      3702.0 2019-05-16 14:23:00     3723.0  RSIDayBreak_30_rb1910_True   182.57  4.93e-02        20   74250.0       1    1042.0
7         7.52 2019-05-16 21:01:00      3755.0 2019-05-17 09:19:00     3767.0  RSIDayBreak_30_rb1910_True    92.48  2.46e-02        20   75220.0       1     738.0
8         7.72 2019-05-20 21:31:00      3806.0 2019-05-21 22:11:00     3912.0  RSIDayBreak_30_rb1910_True  1032.28  2.71e-01        20   77180.0       1    1480.0
9         7.72 2019-05-23 21:01:00      3865.0 2019-05-24 09:02:00     3852.0  RSIDayBreak_30_rb1910_True   102.28  2.65e-02        20   77170.0      -1     721.0
10        7.45 2019-06-05 11:18:00      3746.0 2019-06-06 11:15:00     3703.0  RSIDayBreak_30_rb1910_True   402.55  1.07e-01        20   74490.0      -1    1437.0
11        7.58 2019-06-11 09:31:00      3766.0 2019-06-11 21:41:00     3810.0  RSIDayBreak_30_rb1910_True   412.42  1.10e-01        20   75760.0       1     730.0
12        7.53 2019-06-13 14:01:00      3754.0 2019-06-13 14:55:00     3774.0  RSIDayBreak_30_rb1910_True  -227.53 -6.06e-02        20   75280.0      -1      54.0
13        7.45 2019-06-14 22:31:00      3740.0 2019-06-17 22:43:00     3708.0  RSIDayBreak_30_rb1910_True   292.55  7.82e-02        20   74480.0      -1    4332.0
14        7.51 2019-06-18 21:01:00      3742.0 2019-06-19 10:06:00     3765.0  RSIDayBreak_30_rb1910_True   202.49  5.41e-02        20   75070.0       1     785.0
15        7.61 2019-06-19 22:01:00      3797.0 2019-06-20 21:12:00     3808.0  RSIDayBreak_30_rb1910_True    82.39  2.17e-02        20   76050.0       1    1391.0
16        7.78 2019-06-21 21:01:00      3854.0 2019-06-24 10:44:00     3928.0  RSIDayBreak_30_rb1910_True   712.22  1.85e-01        20   77820.0       1    3703.0
17        7.94 2019-06-24 22:31:00      3978.0 2019-06-25 09:46:00     3959.0  RSIDayBreak_30_rb1910_True  -217.94 -5.48e-02        20   79370.0       1     675.0
18        7.98 2019-06-25 21:01:00      4005.0 2019-06-25 22:09:00     3977.0  RSIDayBreak_30_rb1910_True  -307.98 -7.69e-02        20   79820.0       1      68.0
19        8.09 2019-06-27 09:01:00      4030.0 2019-06-27 13:30:00     4061.0  RSIDayBreak_30_rb1910_True   281.91  7.00e-02        20   80910.0       1     269.0
20        8.24 2019-07-01 09:01:00      4125.0 2019-07-01 14:12:00     4115.0  RSIDayBreak_30_rb1910_True  -128.24 -3.11e-02        20   82400.0       1     311.0
21        8.10 2019-07-02 09:31:00      4040.0 2019-07-02 14:30:00     4055.0  RSIDayBreak_30_rb1910_True  -178.09 -4.41e-02        20   80950.0      -1     299.0
22        8.08 2019-07-03 09:01:00      4041.0 2019-07-03 11:05:00     4038.0  RSIDayBreak_30_rb1910_True     1.92  4.75e-04        20   80790.0      -1     124.0
23        8.06 2019-07-03 14:01:00      4018.0 2019-07-03 22:38:00     4039.0  RSIDayBreak_30_rb1910_True  -238.06 -5.92e-02        20   80570.0      -1     517.0
24        7.99 2019-07-05 14:01:00      3994.0 2019-07-05 21:17:00     4000.0  RSIDayBreak_30_rb1910_True   -87.99 -2.20e-02        20   79940.0      -1     436.0
25        7.98 2019-07-10 21:31:00      3983.0 2019-07-11 09:33:00     3998.0  RSIDayBreak_30_rb1910_True  -177.98 -4.47e-02        20   79810.0      -1     722.0
26        7.91 2019-07-12 21:01:00      3957.0 2019-07-15 09:22:00     3952.0  RSIDayBreak_30_rb1910_True    22.09  5.58e-03        20   79090.0      -1    3621.0
27        8.06 2019-07-15 21:01:00      4031.0 2019-07-16 09:44:00     4031.0  RSIDayBreak_30_rb1910_True   -28.06 -6.96e-03        20   80620.0       1     763.0
28        8.02 2019-07-18 13:31:00      4004.0 2019-07-18 13:43:00     4011.0  RSIDayBreak_30_rb1910_True   -98.02 -2.45e-02        20   80150.0      -1      12.0
29        7.97 2019-07-18 14:01:00      4001.0 2019-07-19 09:13:00     3964.0  RSIDayBreak_30_rb1910_True   342.04  8.55e-02        20   79650.0      -1    1152.0
30        7.91 2019-07-19 22:01:00      3940.0 2019-07-22 09:00:00     3970.0  RSIDayBreak_30_rb1910_True  -327.91 -8.32e-02        20   79100.0      -1    3539.0
31        7.82 2019-07-23 21:01:00      3910.0 2019-07-24 09:08:00     3908.0  RSIDayBreak_30_rb1910_True    -7.82 -2.00e-03        20   78180.0      -1     727.0
32        7.88 2019-07-25 13:31:00      3933.0 2019-07-25 22:33:00     3943.0  RSIDayBreak_30_rb1910_True    72.12  1.83e-02        20   78760.0       1     542.0
33        7.80 2019-07-29 09:31:00      3903.0 2019-07-29 22:46:00     3893.0  RSIDayBreak_30_rb1910_True    72.20  1.85e-02        20   77960.0      -1     795.0
34        7.63 2019-08-01 10:46:00      3876.0 2019-08-02 09:04:00     3758.0  RSIDayBreak_30_rb1910_True  1152.37  2.97e-01        20   76340.0      -1    1338.0
35        7.44 2019-08-06 14:01:00      3731.0 2019-08-07 09:01:00     3712.0  RSIDayBreak_30_rb1910_True   162.56  4.36e-02        20   74430.0      -1    1140.0
--------------------------------------------------
                 0                    1
0       ç¬¬ä¸€ç¬”äº¤æ˜“  2019-05-06 09:00:00
1     æœ€åä¸€ç¬”äº¤æ˜“  2019-08-07 09:01:00
2       æ€»äº¤æ˜“æ¬¡æ•°                   36
3     å¤šå¤´äº¤æ˜“æ¬¡æ•°                   15
4     ç©ºå¤´äº¤æ˜“æ¬¡æ•°                   21
5         æœŸæœ«å‡€å€¼                 1.03
6           æ€»ç›ˆäº             2,600.91
7       å¹´åŒ–æ”¶ç›Šç‡                  0.1
8       æ”¶ç›Šå›æ’¤æ¯”                 -8.7
9         æœ€å¤§å›æ’¤            -1,307.55
10  æœ€å¤§å›æ’¤ç™¾åˆ†æ¯”                -0.01
11    å¹³å‡æ¯ç¬”ç›ˆåˆ©                72.25
12    å¹³å‡æ¯ç¬”æ»‘ç‚¹                 20.0
13    å¹³å‡æ¯ç¬”ä½£é‡‘                 7.75
14            èƒœç‡                52.78
15  ç›ˆåˆ©äº¤æ˜“å¹³å‡å€¼               312.32
16  äºæŸäº¤æ˜“å¹³å‡å€¼              -196.07
17          ç›ˆäºæ¯”                 1.59
18    å¤šä»“å¹³å‡åˆ©æ¶¦               107.57
19    ç©ºä»“å¹³å‡åˆ©æ¶¦                47.02
        36æ¬¡äº¤æ˜“	RSIDayBreak_30_rb1910_True
--------------------------------------------------
    commission             entryDt  entryPrice              exitDt  exitPrice                        name      pnl    pnlPct  slippage  turnover  volume  holdTime
0         7.58 2019-04-30 09:01:00      3820.0 2019-05-06 09:00:00     3760.0  RSIDayBreak_30_rb1910_True  -627.58 -1.64e-01        20   75800.0       1    8639.0
1         7.49 2019-05-06 14:01:00      3727.0 2019-05-06 14:37:00     3758.0  RSIDayBreak_30_rb1910_True  -337.49 -9.06e-02        20   74850.0      -1      36.0
2         7.59 2019-05-07 09:31:00      3799.0 2019-05-07 14:46:00     3787.0  RSIDayBreak_30_rb1910_True  -147.59 -3.88e-02        20   75860.0       1     315.0
3         7.47 2019-05-08 14:31:00      3729.0 2019-05-09 09:13:00     3736.0  RSIDayBreak_30_rb1910_True   -97.47 -2.61e-02        20   74650.0      -1    1122.0
4         7.44 2019-05-13 09:31:00      3715.0 2019-05-13 13:41:00     3722.0  RSIDayBreak_30_rb1910_True   -97.44 -2.62e-02        20   74370.0      -1     250.0
5         7.38 2019-05-13 14:31:00      3707.0 2019-05-15 09:00:00     3673.0  RSIDayBreak_30_rb1910_True   312.62  8.43e-02        20   73800.0      -1    2549.0
6         7.43 2019-05-15 21:01:00      3702.0 2019-05-16 14:23:00     3723.0  RSIDayBreak_30_rb1910_True   182.57  4.93e-02        20   74250.0       1    1042.0
7         7.52 2019-05-16 21:01:00      3755.0 2019-05-17 09:19:00     3767.0  RSIDayBreak_30_rb1910_True    92.48  2.46e-02        20   75220.0       1     738.0
8         7.72 2019-05-20 21:31:00      3806.0 2019-05-21 22:11:00     3912.0  RSIDayBreak_30_rb1910_True  1032.28  2.71e-01        20   77180.0       1    1480.0
9         7.72 2019-05-23 21:01:00      3865.0 2019-05-24 09:02:00     3852.0  RSIDayBreak_30_rb1910_True   102.28  2.65e-02        20   77170.0      -1     721.0
10        7.45 2019-06-05 11:18:00      3746.0 2019-06-06 11:15:00     3703.0  RSIDayBreak_30_rb1910_True   402.55  1.07e-01        20   74490.0      -1    1437.0
11        7.58 2019-06-11 09:31:00      3766.0 2019-06-11 21:41:00     3810.0  RSIDayBreak_30_rb1910_True   412.42  1.10e-01        20   75760.0       1     730.0
12        7.53 2019-06-13 14:01:00      3754.0 2019-06-13 14:55:00     3774.0  RSIDayBreak_30_rb1910_True  -227.53 -6.06e-02        20   75280.0      -1      54.0
13        7.45 2019-06-14 22:31:00      3740.0 2019-06-17 22:43:00     3708.0  RSIDayBreak_30_rb1910_True   292.55  7.82e-02        20   74480.0      -1    4332.0
14        7.51 2019-06-18 21:01:00      3742.0 2019-06-19 10:06:00     3765.0  RSIDayBreak_30_rb1910_True   202.49  5.41e-02        20   75070.0       1     785.0
15        7.61 2019-06-19 22:01:00      3797.0 2019-06-20 21:12:00     3808.0  RSIDayBreak_30_rb1910_True    82.39  2.17e-02        20   76050.0       1    1391.0
16        7.78 2019-06-21 21:01:00      3854.0 2019-06-24 10:44:00     3928.0  RSIDayBreak_30_rb1910_True   712.22  1.85e-01        20   77820.0       1    3703.0
17        7.94 2019-06-24 22:31:00      3978.0 2019-06-25 09:46:00     3959.0  RSIDayBreak_30_rb1910_True  -217.94 -5.48e-02        20   79370.0       1     675.0
18        7.98 2019-06-25 21:01:00      4005.0 2019-06-25 22:09:00     3977.0  RSIDayBreak_30_rb1910_True  -307.98 -7.69e-02        20   79820.0       1      68.0
19        8.09 2019-06-27 09:01:00      4030.0 2019-06-27 13:30:00     4061.0  RSIDayBreak_30_rb1910_True   281.91  7.00e-02        20   80910.0       1     269.0
20        8.24 2019-07-01 09:01:00      4125.0 2019-07-01 14:12:00     4115.0  RSIDayBreak_30_rb1910_True  -128.24 -3.11e-02        20   82400.0       1     311.0
21        8.10 2019-07-02 09:31:00      4040.0 2019-07-02 14:30:00     4055.0  RSIDayBreak_30_rb1910_True  -178.09 -4.41e-02        20   80950.0      -1     299.0
22        8.08 2019-07-03 09:01:00      4041.0 2019-07-03 11:05:00     4038.0  RSIDayBreak_30_rb1910_True     1.92  4.75e-04        20   80790.0      -1     124.0
23        8.06 2019-07-03 14:01:00      4018.0 2019-07-03 22:38:00     4039.0  RSIDayBreak_30_rb1910_True  -238.06 -5.92e-02        20   80570.0      -1     517.0
24        7.99 2019-07-05 14:01:00      3994.0 2019-07-05 21:17:00     4000.0  RSIDayBreak_30_rb1910_True   -87.99 -2.20e-02        20   79940.0      -1     436.0
25        7.98 2019-07-10 21:31:00      3983.0 2019-07-11 09:33:00     3998.0  RSIDayBreak_30_rb1910_True  -177.98 -4.47e-02        20   79810.0      -1     722.0
26        7.91 2019-07-12 21:01:00      3957.0 2019-07-15 09:22:00     3952.0  RSIDayBreak_30_rb1910_True    22.09  5.58e-03        20   79090.0      -1    3621.0
27        8.06 2019-07-15 21:01:00      4031.0 2019-07-16 09:44:00     4031.0  RSIDayBreak_30_rb1910_True   -28.06 -6.96e-03        20   80620.0       1     763.0
28        8.02 2019-07-18 13:31:00      4004.0 2019-07-18 13:43:00     4011.0  RSIDayBreak_30_rb1910_True   -98.02 -2.45e-02        20   80150.0      -1      12.0
29        7.97 2019-07-18 14:01:00      4001.0 2019-07-19 09:13:00     3964.0  RSIDayBreak_30_rb1910_True   342.04  8.55e-02        20   79650.0      -1    1152.0
30        7.91 2019-07-19 22:01:00      3940.0 2019-07-22 09:00:00     3970.0  RSIDayBreak_30_rb1910_True  -327.91 -8.32e-02        20   79100.0      -1    3539.0
31        7.82 2019-07-23 21:01:00      3910.0 2019-07-24 09:08:00     3908.0  RSIDayBreak_30_rb1910_True    -7.82 -2.00e-03        20   78180.0      -1     727.0
32        7.88 2019-07-25 13:31:00      3933.0 2019-07-25 22:33:00     3943.0  RSIDayBreak_30_rb1910_True    72.12  1.83e-02        20   78760.0       1     542.0
33        7.80 2019-07-29 09:31:00      3903.0 2019-07-29 22:46:00     3893.0  RSIDayBreak_30_rb1910_True    72.20  1.85e-02        20   77960.0      -1     795.0
34        7.63 2019-08-01 10:46:00      3876.0 2019-08-02 09:04:00     3758.0  RSIDayBreak_30_rb1910_True  1152.37  2.97e-01        20   76340.0      -1    1338.0
35        7.44 2019-08-06 14:01:00      3731.0 2019-08-07 09:01:00     3712.0  RSIDayBreak_30_rb1910_True   162.56  4.36e-02        20   74430.0      -1    1140.0
--------------------------------------------------
                 0                    1
0       ç¬¬ä¸€ç¬”äº¤æ˜“  2019-05-06 09:00:00
1     æœ€åä¸€ç¬”äº¤æ˜“  2019-08-07 09:01:00
2       æ€»äº¤æ˜“æ¬¡æ•°                   36
3     å¤šå¤´äº¤æ˜“æ¬¡æ•°                   15
4     ç©ºå¤´äº¤æ˜“æ¬¡æ•°                   21
5         æœŸæœ«å‡€å€¼                 1.03
6           æ€»ç›ˆäº             2,600.91
7       å¹´åŒ–æ”¶ç›Šç‡                  0.1
8       æ”¶ç›Šå›æ’¤æ¯”                 -8.7
9         æœ€å¤§å›æ’¤            -1,307.55
10  æœ€å¤§å›æ’¤ç™¾åˆ†æ¯”                -0.01
11    å¹³å‡æ¯ç¬”ç›ˆåˆ©                72.25
12    å¹³å‡æ¯ç¬”æ»‘ç‚¹                 20.0
13    å¹³å‡æ¯ç¬”ä½£é‡‘                 7.75
14            èƒœç‡                52.78
15  ç›ˆåˆ©äº¤æ˜“å¹³å‡å€¼               312.32
16  äºæŸäº¤æ˜“å¹³å‡å€¼              -196.07
17          ç›ˆäºæ¯”                 1.59
18    å¤šä»“å¹³å‡åˆ©æ¶¦               107.57
19    ç©ºä»“å¹³å‡åˆ©æ¶¦                47.02
è®¡ç®—æŒ‰æ—¥ç»Ÿè®¡ç»“æœ
--------------------------------------------------
                   0            1
0       é¦–ä¸ªäº¤æ˜“æ—¥ï¼š   2019-04-30
1       æœ€åäº¤æ˜“æ—¥ï¼š   2019-08-07
2         æ€»äº¤æ˜“æ—¥ï¼š           61
3         ç›ˆåˆ©äº¤æ˜“æ—¥           26
4       äºæŸäº¤æ˜“æ—¥ï¼š           21
5         èµ·å§‹èµ„é‡‘ï¼š       100000
6         ç»“æŸèµ„é‡‘ï¼š   102,600.91
7         æ€»æ”¶ç›Šç‡ï¼š          2.6
8         å¹´åŒ–æ”¶ç›Šï¼š        10.23
9           æ€»ç›ˆäºï¼š     2,600.91
10        æœ€å¤§å›æ’¤:      -1,276.3
11  ç™¾åˆ†æ¯”æœ€å¤§å›æ’¤:         -1.28
12        æ€»æ‰‹ç»­è´¹ï¼š       279.09
13          æ€»æ»‘ç‚¹ï¼š          720
14      æ€»æˆäº¤é‡‘é¢ï¼š  2,790,940.0
15      æ€»æˆäº¤ç¬”æ•°ï¼š           72
16        æ—¥å‡ç›ˆäºï¼š        42.64
17      æ—¥å‡æ‰‹ç»­è´¹ï¼š         4.58
18        æ—¥å‡æ»‘ç‚¹ï¼š         11.8
19    æ—¥å‡æˆäº¤é‡‘é¢ï¼š    45,753.11
20    æ—¥å‡æˆäº¤ç¬”æ•°ï¼š         1.18
21      æ—¥å‡æ”¶ç›Šç‡ï¼š         0.04
22      æ”¶ç›Šæ ‡å‡†å·®ï¼š         0.27
23    Sharpe Ratioï¼š         2.31
--------------------------------------------------
    commission             entryDt  entryPrice              exitDt  exitPrice                        name      pnl    pnlPct  slippage  turnover  volume  holdTime
0         7.58 2019-04-30 09:01:00      3820.0 2019-05-06 09:00:00     3760.0  RSIDayBreak_30_rb1910_True  -627.58 -1.64e-01        20   75800.0       1    8639.0
1         7.49 2019-05-06 14:01:00      3727.0 2019-05-06 14:37:00     3758.0  RSIDayBreak_30_rb1910_True  -337.49 -9.06e-02        20   74850.0      -1      36.0
2         7.59 2019-05-07 09:31:00      3799.0 2019-05-07 14:46:00     3787.0  RSIDayBreak_30_rb1910_True  -147.59 -3.88e-02        20   75860.0       1     315.0
3         7.47 2019-05-08 14:31:00      3729.0 2019-05-09 09:13:00     3736.0  RSIDayBreak_30_rb1910_True   -97.47 -2.61e-02        20   74650.0      -1    1122.0
4         7.44 2019-05-13 09:31:00      3715.0 2019-05-13 13:41:00     3722.0  RSIDayBreak_30_rb1910_True   -97.44 -2.62e-02        20   74370.0      -1     250.0
5         7.38 2019-05-13 14:31:00      3707.0 2019-05-15 09:00:00     3673.0  RSIDayBreak_30_rb1910_True   312.62  8.43e-02        20   73800.0      -1    2549.0
6         7.43 2019-05-15 21:01:00      3702.0 2019-05-16 14:23:00     3723.0  RSIDayBreak_30_rb1910_True   182.57  4.93e-02        20   74250.0       1    1042.0
7         7.52 2019-05-16 21:01:00      3755.0 2019-05-17 09:19:00     3767.0  RSIDayBreak_30_rb1910_True    92.48  2.46e-02        20   75220.0       1     738.0
8         7.72 2019-05-20 21:31:00      3806.0 2019-05-21 22:11:00     3912.0  RSIDayBreak_30_rb1910_True  1032.28  2.71e-01        20   77180.0       1    1480.0
9         7.72 2019-05-23 21:01:00      3865.0 2019-05-24 09:02:00     3852.0  RSIDayBreak_30_rb1910_True   102.28  2.65e-02        20   77170.0      -1     721.0
10        7.45 2019-06-05 11:18:00      3746.0 2019-06-06 11:15:00     3703.0  RSIDayBreak_30_rb1910_True   402.55  1.07e-01        20   74490.0      -1    1437.0
11        7.58 2019-06-11 09:31:00      3766.0 2019-06-11 21:41:00     3810.0  RSIDayBreak_30_rb1910_True   412.42  1.10e-01        20   75760.0       1     730.0
12        7.53 2019-06-13 14:01:00      3754.0 2019-06-13 14:55:00     3774.0  RSIDayBreak_30_rb1910_True  -227.53 -6.06e-02        20   75280.0      -1      54.0
13        7.45 2019-06-14 22:31:00      3740.0 2019-06-17 22:43:00     3708.0  RSIDayBreak_30_rb1910_True   292.55  7.82e-02        20   74480.0      -1    4332.0
14        7.51 2019-06-18 21:01:00      3742.0 2019-06-19 10:06:00     3765.0  RSIDayBreak_30_rb1910_True   202.49  5.41e-02        20   75070.0       1     785.0
15        7.61 2019-06-19 22:01:00      3797.0 2019-06-20 21:12:00     3808.0  RSIDayBreak_30_rb1910_True    82.39  2.17e-02        20   76050.0       1    1391.0
16        7.78 2019-06-21 21:01:00      3854.0 2019-06-24 10:44:00     3928.0  RSIDayBreak_30_rb1910_True   712.22  1.85e-01        20   77820.0       1    3703.0
17        7.94 2019-06-24 22:31:00      3978.0 2019-06-25 09:46:00     3959.0  RSIDayBreak_30_rb1910_True  -217.94 -5.48e-02        20   79370.0       1     675.0
18        7.98 2019-06-25 21:01:00      4005.0 2019-06-25 22:09:00     3977.0  RSIDayBreak_30_rb1910_True  -307.98 -7.69e-02        20   79820.0       1      68.0
19        8.09 2019-06-27 09:01:00      4030.0 2019-06-27 13:30:00     4061.0  RSIDayBreak_30_rb1910_True   281.91  7.00e-02        20   80910.0       1     269.0
20        8.24 2019-07-01 09:01:00      4125.0 2019-07-01 14:12:00     4115.0  RSIDayBreak_30_rb1910_True  -128.24 -3.11e-02        20   82400.0       1     311.0
21        8.10 2019-07-02 09:31:00      4040.0 2019-07-02 14:30:00     4055.0  RSIDayBreak_30_rb1910_True  -178.09 -4.41e-02        20   80950.0      -1     299.0
22        8.08 2019-07-03 09:01:00      4041.0 2019-07-03 11:05:00     4038.0  RSIDayBreak_30_rb1910_True     1.92  4.75e-04        20   80790.0      -1     124.0
23        8.06 2019-07-03 14:01:00      4018.0 2019-07-03 22:38:00     4039.0  RSIDayBreak_30_rb1910_True  -238.06 -5.92e-02        20   80570.0      -1     517.0
24        7.99 2019-07-05 14:01:00      3994.0 2019-07-05 21:17:00     4000.0  RSIDayBreak_30_rb1910_True   -87.99 -2.20e-02        20   79940.0      -1     436.0
25        7.98 2019-07-10 21:31:00      3983.0 2019-07-11 09:33:00     3998.0  RSIDayBreak_30_rb1910_True  -177.98 -4.47e-02        20   79810.0      -1     722.0
26        7.91 2019-07-12 21:01:00      3957.0 2019-07-15 09:22:00     3952.0  RSIDayBreak_30_rb1910_True    22.09  5.58e-03        20   79090.0      -1    3621.0
27        8.06 2019-07-15 21:01:00      4031.0 2019-07-16 09:44:00     4031.0  RSIDayBreak_30_rb1910_True   -28.06 -6.96e-03        20   80620.0       1     763.0
28        8.02 2019-07-18 13:31:00      4004.0 2019-07-18 13:43:00     4011.0  RSIDayBreak_30_rb1910_True   -98.02 -2.45e-02        20   80150.0      -1      12.0
29        7.97 2019-07-18 14:01:00      4001.0 2019-07-19 09:13:00     3964.0  RSIDayBreak_30_rb1910_True   342.04  8.55e-02        20   79650.0      -1    1152.0
30        7.91 2019-07-19 22:01:00      3940.0 2019-07-22 09:00:00     3970.0  RSIDayBreak_30_rb1910_True  -327.91 -8.32e-02        20   79100.0      -1    3539.0
31        7.82 2019-07-23 21:01:00      3910.0 2019-07-24 09:08:00     3908.0  RSIDayBreak_30_rb1910_True    -7.82 -2.00e-03        20   78180.0      -1     727.0
32        7.88 2019-07-25 13:31:00      3933.0 2019-07-25 22:33:00     3943.0  RSIDayBreak_30_rb1910_True    72.12  1.83e-02        20   78760.0       1     542.0
33        7.80 2019-07-29 09:31:00      3903.0 2019-07-29 22:46:00     3893.0  RSIDayBreak_30_rb1910_True    72.20  1.85e-02        20   77960.0      -1     795.0
34        7.63 2019-08-01 10:46:00      3876.0 2019-08-02 09:04:00     3758.0  RSIDayBreak_30_rb1910_True  1152.37  2.97e-01        20   76340.0      -1    1338.0
35        7.44 2019-08-06 14:01:00      3731.0 2019-08-07 09:01:00     3712.0  RSIDayBreak_30_rb1910_True   162.56  4.36e-02        20   74430.0      -1    1140.0
